============================= test session starts =============================
platform win32 -- Python 3.11.8, pytest-8.0.0, pluggy-1.6.0 -- C:\Program Files\Python311\python.exe
cachedir: .pytest_cache
rootdir: D:\hoc tap\ClothesProject
configfile: pytest.ini
testpaths: tests
plugins: anyio-4.12.1, asyncio-0.23.5, mock-3.12.0
asyncio: mode=Mode.AUTO
collecting ... collected 12 items

tests/test_ai_logic.py::test_category_mapping PASSED                     [  8%]
tests/test_ai_logic.py::test_confidence_status_logic PASSED              [ 16%]
tests/test_auth.py::test_register_and_login FAILED                       [ 25%]
tests/test_auth.py::test_protected_endpoint_access FAILED                [ 33%]
tests/test_auth.py::test_token_refresh FAILED                            [ 41%]
tests/test_auth.py::test_logout_revocation FAILED                        [ 50%]
tests/test_rbac.py::test_user_cannot_access_admin_endpoints FAILED       [ 58%]
tests/test_rbac.py::test_admin_can_access_admin_endpoints FAILED         [ 66%]
tests/test_rbac.py::test_user_isolation FAILED                           [ 75%]
tests/test_recommendation.py::test_deterministic_scoring FAILED          [ 83%]
tests/test_recommendation.py::test_low_confidence_penalty FAILED         [ 91%]
tests/test_tasks.py::test_celery_task_mock_execution FAILED              [100%]

================================== FAILURES ===================================
___________________________ test_register_and_login ___________________________
  + Exception Group Traceback (most recent call last):
  |   File "C:\Users\Acer\AppData\Roaming\Python\Python311\site-packages\starlette\_utils.py", line 85, in collapse_excgroups
  |     yield
  |   File "C:\Users\Acer\AppData\Roaming\Python\Python311\site-packages\starlette\middleware\base.py", line 190, in __call__
  |     async with anyio.create_task_group() as task_group:
  |   File "C:\Users\Acer\AppData\Roaming\Python\Python311\site-packages\anyio\_backends\_asyncio.py", line 783, in __aexit__
  |     raise BaseExceptionGroup(
  | ExceptionGroup: unhandled errors in a TaskGroup (1 sub-exception)
  +-+---------------- 1 ----------------
    | Traceback (most recent call last):
    |   File "C:\Users\Acer\AppData\Roaming\Python\Python311\site-packages\_pytest\runner.py", line 345, in from_call
    |     result: Optional[TResult] = func()
    |                                 ^^^^^^
    |   File "C:\Users\Acer\AppData\Roaming\Python\Python311\site-packages\_pytest\runner.py", line 266, in <lambda>
    |     lambda: ihook(item=item, **kwds), when=when, reraise=reraise
    |             ^^^^^^^^^^^^^^^^^^^^^^^^
    |   File "C:\Users\Acer\AppData\Roaming\Python\Python311\site-packages\pluggy\_hooks.py", line 512, in __call__
    |     return self._hookexec(self.name, self._hookimpls.copy(), kwargs, firstresult)
    |            ^^^^^^^^^^^^^^^^^^^^^^^^^^^^^^^^^^^^^^^^^^^^^^^^^^^^^^^^^^^^^^^^^^^^^^
    |   File "C:\Users\Acer\AppData\Roaming\Python\Python311\site-packages\pluggy\_manager.py", line 120, in _hookexec
    |     return self._inner_hookexec(hook_name, methods, kwargs, firstresult)
    |            ^^^^^^^^^^^^^^^^^^^^^^^^^^^^^^^^^^^^^^^^^^^^^^^^^^^^^^^^^^^^^
    |   File "C:\Users\Acer\AppData\Roaming\Python\Python311\site-packages\pluggy\_callers.py", line 167, in _multicall
    |     raise exception
    |   File "C:\Users\Acer\AppData\Roaming\Python\Python311\site-packages\pluggy\_callers.py", line 139, in _multicall
    |     teardown.throw(exception)
    |   File "C:\Users\Acer\AppData\Roaming\Python\Python311\site-packages\_pytest\threadexception.py", line 87, in pytest_runtest_call
    |     yield from thread_exception_runtest_hook()
    |   File "C:\Users\Acer\AppData\Roaming\Python\Python311\site-packages\_pytest\threadexception.py", line 63, in thread_exception_runtest_hook
    |     yield
    |   File "C:\Users\Acer\AppData\Roaming\Python\Python311\site-packages\pluggy\_callers.py", line 139, in _multicall
    |     teardown.throw(exception)
    |   File "C:\Users\Acer\AppData\Roaming\Python\Python311\site-packages\_pytest\unraisableexception.py", line 90, in pytest_runtest_call
    |     yield from unraisable_exception_runtest_hook()
    |   File "C:\Users\Acer\AppData\Roaming\Python\Python311\site-packages\_pytest\unraisableexception.py", line 65, in unraisable_exception_runtest_hook
    |     yield
    |   File "C:\Users\Acer\AppData\Roaming\Python\Python311\site-packages\pluggy\_callers.py", line 139, in _multicall
    |     teardown.throw(exception)
    |   File "C:\Users\Acer\AppData\Roaming\Python\Python311\site-packages\_pytest\logging.py", line 839, in pytest_runtest_call
    |     yield from self._runtest_for(item, "call")
    |   File "C:\Users\Acer\AppData\Roaming\Python\Python311\site-packages\_pytest\logging.py", line 822, in _runtest_for
    |     yield
    |   File "C:\Users\Acer\AppData\Roaming\Python\Python311\site-packages\pluggy\_callers.py", line 139, in _multicall
    |     teardown.throw(exception)
    |   File "C:\Users\Acer\AppData\Roaming\Python\Python311\site-packages\_pytest\capture.py", line 882, in pytest_runtest_call
    |     return (yield)
    |             ^^^^^
    |   File "C:\Users\Acer\AppData\Roaming\Python\Python311\site-packages\pluggy\_callers.py", line 139, in _multicall
    |     teardown.throw(exception)
    |   File "C:\Users\Acer\AppData\Roaming\Python\Python311\site-packages\_pytest\skipping.py", line 257, in pytest_runtest_call
    |     return (yield)
    |             ^^^^^
    |   File "C:\Users\Acer\AppData\Roaming\Python\Python311\site-packages\pluggy\_callers.py", line 121, in _multicall
    |     res = hook_impl.function(*args)
    |           ^^^^^^^^^^^^^^^^^^^^^^^^^
    |   File "C:\Users\Acer\AppData\Roaming\Python\Python311\site-packages\_pytest\runner.py", line 181, in pytest_runtest_call
    |     raise e
    |   File "C:\Users\Acer\AppData\Roaming\Python\Python311\site-packages\_pytest\runner.py", line 173, in pytest_runtest_call
    |     item.runtest()
    |   File "C:\Users\Acer\AppData\Roaming\Python\Python311\site-packages\_pytest\python.py", line 1836, in runtest
    |     self.ihook.pytest_pyfunc_call(pyfuncitem=self)
    |   File "C:\Users\Acer\AppData\Roaming\Python\Python311\site-packages\pluggy\_hooks.py", line 512, in __call__
    |     return self._hookexec(self.name, self._hookimpls.copy(), kwargs, firstresult)
    |            ^^^^^^^^^^^^^^^^^^^^^^^^^^^^^^^^^^^^^^^^^^^^^^^^^^^^^^^^^^^^^^^^^^^^^^
    |   File "C:\Users\Acer\AppData\Roaming\Python\Python311\site-packages\pluggy\_manager.py", line 120, in _hookexec
    |     return self._inner_hookexec(hook_name, methods, kwargs, firstresult)
    |            ^^^^^^^^^^^^^^^^^^^^^^^^^^^^^^^^^^^^^^^^^^^^^^^^^^^^^^^^^^^^^
    |   File "C:\Users\Acer\AppData\Roaming\Python\Python311\site-packages\pluggy\_callers.py", line 167, in _multicall
    |     raise exception
    |   File "C:\Users\Acer\AppData\Roaming\Python\Python311\site-packages\pluggy\_callers.py", line 139, in _multicall
    |     teardown.throw(exception)
    |   File "C:\Users\Acer\AppData\Roaming\Python\Python311\site-packages\pluggy\_callers.py", line 53, in run_old_style_hookwrapper
    |     return result.get_result()
    |            ^^^^^^^^^^^^^^^^^^^
    |   File "C:\Users\Acer\AppData\Roaming\Python\Python311\site-packages\pluggy\_result.py", line 103, in get_result
    |     raise exc.with_traceback(tb)
    |   File "C:\Users\Acer\AppData\Roaming\Python\Python311\site-packages\pluggy\_callers.py", line 38, in run_old_style_hookwrapper
    |     res = yield
    |           ^^^^^
    |   File "C:\Users\Acer\AppData\Roaming\Python\Python311\site-packages\pluggy\_callers.py", line 121, in _multicall
    |     res = hook_impl.function(*args)
    |           ^^^^^^^^^^^^^^^^^^^^^^^^^
    |   File "C:\Users\Acer\AppData\Roaming\Python\Python311\site-packages\_pytest\python.py", line 193, in pytest_pyfunc_call
    |     result = testfunction(**testargs)
    |              ^^^^^^^^^^^^^^^^^^^^^^^^
    |   File "D:\hoc tap\ClothesProject\tests\test_auth.py", line 12, in test_register_and_login
    |     response = client.post("/auth/register", json=reg_data)
    |                ^^^^^^^^^^^^^^^^^^^^^^^^^^^^^^^^^^^^^^^^^^^^
    |   File "C:\Users\Acer\AppData\Roaming\Python\Python311\site-packages\starlette\testclient.py", line 593, in post
    |     return super().post(
    |            ^^^^^^^^^^^^^
    |   File "C:\Users\Acer\AppData\Roaming\Python\Python311\site-packages\httpx\_client.py", line 1146, in post
    |     return self.request(
    |            ^^^^^^^^^^^^^
    |   File "C:\Users\Acer\AppData\Roaming\Python\Python311\site-packages\starlette\testclient.py", line 468, in request
    |     return super().request(
    |            ^^^^^^^^^^^^^^^^
    |   File "C:\Users\Acer\AppData\Roaming\Python\Python311\site-packages\httpx\_client.py", line 828, in request
    |     return self.send(request, auth=auth, follow_redirects=follow_redirects)
    |            ^^^^^^^^^^^^^^^^^^^^^^^^^^^^^^^^^^^^^^^^^^^^^^^^^^^^^^^^^^^^^^^^
    |   File "C:\Users\Acer\AppData\Roaming\Python\Python311\site-packages\httpx\_client.py", line 915, in send
    |     response = self._send_handling_auth(
    |                ^^^^^^^^^^^^^^^^^^^^^^^^^
    |   File "C:\Users\Acer\AppData\Roaming\Python\Python311\site-packages\httpx\_client.py", line 943, in _send_handling_auth
    |     response = self._send_handling_redirects(
    |                ^^^^^^^^^^^^^^^^^^^^^^^^^^^^^^
    |   File "C:\Users\Acer\AppData\Roaming\Python\Python311\site-packages\httpx\_client.py", line 980, in _send_handling_redirects
    |     response = self._send_single_request(request)
    |                ^^^^^^^^^^^^^^^^^^^^^^^^^^^^^^^^^^
    |   File "C:\Users\Acer\AppData\Roaming\Python\Python311\site-packages\httpx\_client.py", line 1016, in _send_single_request
    |     response = transport.handle_request(request)
    |                ^^^^^^^^^^^^^^^^^^^^^^^^^^^^^^^^^
    |   File "C:\Users\Acer\AppData\Roaming\Python\Python311\site-packages\starlette\testclient.py", line 344, in handle_request
    |     raise exc
    |   File "C:\Users\Acer\AppData\Roaming\Python\Python311\site-packages\starlette\testclient.py", line 341, in handle_request
    |     portal.call(self.app, scope, receive, send)
    |   File "C:\Users\Acer\AppData\Roaming\Python\Python311\site-packages\anyio\from_thread.py", line 334, in call
    |     return cast(T_Retval, self.start_task_soon(func, *args).result())
    |                           ^^^^^^^^^^^^^^^^^^^^^^^^^^^^^^^^^^^^^^^^^^
    |   File "C:\Program Files\Python311\Lib\concurrent\futures\_base.py", line 456, in result
    |     return self.__get_result()
    |            ^^^^^^^^^^^^^^^^^^^
    |   File "C:\Program Files\Python311\Lib\concurrent\futures\_base.py", line 401, in __get_result
    |     raise self._exception
    |   File "C:\Users\Acer\AppData\Roaming\Python\Python311\site-packages\anyio\from_thread.py", line 259, in _call_func
    |     retval = await retval_or_awaitable
    |              ^^^^^^^^^^^^^^^^^^^^^^^^^
    |   File "C:\Users\Acer\AppData\Roaming\Python\Python311\site-packages\fastapi\applications.py", line 1054, in __call__
    |     await super().__call__(scope, receive, send)
    |   File "C:\Users\Acer\AppData\Roaming\Python\Python311\site-packages\starlette\applications.py", line 123, in __call__
    |     await self.middleware_stack(scope, receive, send)
    |   File "C:\Users\Acer\AppData\Roaming\Python\Python311\site-packages\starlette\middleware\errors.py", line 186, in __call__
    |     raise exc
    |   File "C:\Users\Acer\AppData\Roaming\Python\Python311\site-packages\starlette\middleware\errors.py", line 164, in __call__
    |     await self.app(scope, receive, _send)
    |   File "C:\Users\Acer\AppData\Roaming\Python\Python311\site-packages\starlette\middleware\base.py", line 189, in __call__
    |     with collapse_excgroups():
    |   File "C:\Program Files\Python311\Lib\contextlib.py", line 158, in __exit__
    |     self.gen.throw(typ, value, traceback)
    |   File "C:\Users\Acer\AppData\Roaming\Python\Python311\site-packages\starlette\_utils.py", line 91, in collapse_excgroups
    |     raise exc
    |   File "C:\Users\Acer\AppData\Roaming\Python\Python311\site-packages\starlette\middleware\base.py", line 191, in __call__
    |     response = await self.dispatch_func(request, call_next)
    |                ^^^^^^^^^^^^^^^^^^^^^^^^^^^^^^^^^^^^^^^^^^^^
    |   File "D:\hoc tap\ClothesProject\app\middleware\logging_middleware.py", line 26, in dispatch
    |     response = await call_next(request)
    |                ^^^^^^^^^^^^^^^^^^^^^^^^
    |   File "C:\Users\Acer\AppData\Roaming\Python\Python311\site-packages\starlette\middleware\base.py", line 165, in call_next
    |     raise app_exc
    |   File "C:\Users\Acer\AppData\Roaming\Python\Python311\site-packages\starlette\middleware\base.py", line 151, in coro
    |     await self.app(scope, receive_or_disconnect, send_no_error)
    |   File "C:\Users\Acer\AppData\Roaming\Python\Python311\site-packages\starlette\middleware\exceptions.py", line 62, in __call__
    |     await wrap_app_handling_exceptions(self.app, conn)(scope, receive, send)
    |   File "C:\Users\Acer\AppData\Roaming\Python\Python311\site-packages\starlette\_exception_handler.py", line 64, in wrapped_app
    |     raise exc
    |   File "C:\Users\Acer\AppData\Roaming\Python\Python311\site-packages\starlette\_exception_handler.py", line 53, in wrapped_app
    |     await app(scope, receive, sender)
    |   File "C:\Users\Acer\AppData\Roaming\Python\Python311\site-packages\starlette\routing.py", line 762, in __call__
    |     await self.middleware_stack(scope, receive, send)
    |   File "C:\Users\Acer\AppData\Roaming\Python\Python311\site-packages\starlette\routing.py", line 782, in app
    |     await route.handle(scope, receive, send)
    |   File "C:\Users\Acer\AppData\Roaming\Python\Python311\site-packages\starlette\routing.py", line 297, in handle
    |     await self.app(scope, receive, send)
    |   File "C:\Users\Acer\AppData\Roaming\Python\Python311\site-packages\starlette\routing.py", line 77, in app
    |     await wrap_app_handling_exceptions(app, request)(scope, receive, send)
    |   File "C:\Users\Acer\AppData\Roaming\Python\Python311\site-packages\starlette\_exception_handler.py", line 64, in wrapped_app
    |     raise exc
    |   File "C:\Users\Acer\AppData\Roaming\Python\Python311\site-packages\starlette\_exception_handler.py", line 53, in wrapped_app
    |     await app(scope, receive, sender)
    |   File "C:\Users\Acer\AppData\Roaming\Python\Python311\site-packages\starlette\routing.py", line 72, in app
    |     response = await func(request)
    |                ^^^^^^^^^^^^^^^^^^^
    |   File "C:\Users\Acer\AppData\Roaming\Python\Python311\site-packages\fastapi\routing.py", line 299, in app
    |     raise e
    |   File "C:\Users\Acer\AppData\Roaming\Python\Python311\site-packages\fastapi\routing.py", line 294, in app
    |     raw_response = await run_endpoint_function(
    |                    ^^^^^^^^^^^^^^^^^^^^^^^^^^^^
    |   File "C:\Users\Acer\AppData\Roaming\Python\Python311\site-packages\fastapi\routing.py", line 193, in run_endpoint_function
    |     return await run_in_threadpool(dependant.call, **values)
    |            ^^^^^^^^^^^^^^^^^^^^^^^^^^^^^^^^^^^^^^^^^^^^^^^^^
    |   File "C:\Users\Acer\AppData\Roaming\Python\Python311\site-packages\starlette\concurrency.py", line 40, in run_in_threadpool
    |     return await anyio.to_thread.run_sync(func, *args)
    |            ^^^^^^^^^^^^^^^^^^^^^^^^^^^^^^^^^^^^^^^^^^^
    |   File "C:\Users\Acer\AppData\Roaming\Python\Python311\site-packages\anyio\to_thread.py", line 63, in run_sync
    |     return await get_async_backend().run_sync_in_worker_thread(
    |            ^^^^^^^^^^^^^^^^^^^^^^^^^^^^^^^^^^^^^^^^^^^^^^^^^^^^
    |   File "C:\Users\Acer\AppData\Roaming\Python\Python311\site-packages\anyio\_backends\_asyncio.py", line 2502, in run_sync_in_worker_thread
    |     return await future
    |            ^^^^^^^^^^^^
    |   File "C:\Users\Acer\AppData\Roaming\Python\Python311\site-packages\anyio\_backends\_asyncio.py", line 986, in run
    |     result = context.run(func, *args)
    |              ^^^^^^^^^^^^^^^^^^^^^^^^
    |   File "D:\hoc tap\ClothesProject\app\api\auth.py", line 38, in register_user
    |     hashed_password=security.get_password_hash(user_in.password),
    |                     ^^^^^^^^^^^^^^^^^^^^^^^^^^^^^^^^^^^^^^^^^^^^
    |   File "D:\hoc tap\ClothesProject\app\core\security.py", line 16, in get_password_hash
    |     return pwd_context.hash(password)
    |            ^^^^^^^^^^^^^^^^^^^^^^^^^^
    |   File "C:\Users\Acer\AppData\Roaming\Python\Python311\site-packages\passlib\context.py", line 2258, in hash
    |     return record.hash(secret, **kwds)
    |            ^^^^^^^^^^^^^^^^^^^^^^^^^^^
    |   File "C:\Users\Acer\AppData\Roaming\Python\Python311\site-packages\passlib\utils\handlers.py", line 779, in hash
    |     self.checksum = self._calc_checksum(secret)
    |                     ^^^^^^^^^^^^^^^^^^^^^^^^^^^
    |   File "C:\Users\Acer\AppData\Roaming\Python\Python311\site-packages\passlib\handlers\bcrypt.py", line 591, in _calc_checksum
    |     self._stub_requires_backend()
    |   File "C:\Users\Acer\AppData\Roaming\Python\Python311\site-packages\passlib\utils\handlers.py", line 2254, in _stub_requires_backend
    |     cls.set_backend()
    |   File "C:\Users\Acer\AppData\Roaming\Python\Python311\site-packages\passlib\utils\handlers.py", line 2156, in set_backend
    |     return owner.set_backend(name, dryrun=dryrun)
    |            ^^^^^^^^^^^^^^^^^^^^^^^^^^^^^^^^^^^^^^
    |   File "C:\Users\Acer\AppData\Roaming\Python\Python311\site-packages\passlib\utils\handlers.py", line 2163, in set_backend
    |     return cls.set_backend(name, dryrun=dryrun)
    |            ^^^^^^^^^^^^^^^^^^^^^^^^^^^^^^^^^^^^
    |   File "C:\Users\Acer\AppData\Roaming\Python\Python311\site-packages\passlib\utils\handlers.py", line 2188, in set_backend
    |     cls._set_backend(name, dryrun)
    |   File "C:\Users\Acer\AppData\Roaming\Python\Python311\site-packages\passlib\utils\handlers.py", line 2311, in _set_backend
    |     super(SubclassBackendMixin, cls)._set_backend(name, dryrun)
    |   File "C:\Users\Acer\AppData\Roaming\Python\Python311\site-packages\passlib\utils\handlers.py", line 2224, in _set_backend
    |     ok = loader(**kwds)
    |          ^^^^^^^^^^^^^^
    |   File "C:\Users\Acer\AppData\Roaming\Python\Python311\site-packages\passlib\handlers\bcrypt.py", line 626, in _load_backend_mixin
    |     return mixin_cls._finalize_backend_mixin(name, dryrun)
    |            ^^^^^^^^^^^^^^^^^^^^^^^^^^^^^^^^^^^^^^^^^^^^^^^
    |   File "C:\Users\Acer\AppData\Roaming\Python\Python311\site-packages\passlib\handlers\bcrypt.py", line 421, in _finalize_backend_mixin
    |     if detect_wrap_bug(IDENT_2A):
    |        ^^^^^^^^^^^^^^^^^^^^^^^^^
    |   File "C:\Users\Acer\AppData\Roaming\Python\Python311\site-packages\passlib\handlers\bcrypt.py", line 380, in detect_wrap_bug
    |     if verify(secret, bug_hash):
    |        ^^^^^^^^^^^^^^^^^^^^^^^^
    |   File "C:\Users\Acer\AppData\Roaming\Python\Python311\site-packages\passlib\utils\handlers.py", line 792, in verify
    |     return consteq(self._calc_checksum(secret), chk)
    |                    ^^^^^^^^^^^^^^^^^^^^^^^^^^^
    |   File "C:\Users\Acer\AppData\Roaming\Python\Python311\site-packages\passlib\handlers\bcrypt.py", line 655, in _calc_checksum
    |     hash = _bcrypt.hashpw(secret, config)
    |            ^^^^^^^^^^^^^^^^^^^^^^^^^^^^^^
    | ValueError: password cannot be longer than 72 bytes, truncate manually if necessary (e.g. my_password[:72])
    +------------------------------------

During handling of the above exception, another exception occurred:

client = <starlette.testclient.TestClient object at 0x00000254DFEE4290>

    def test_register_and_login(client):
        """Test the full registration and login flow."""
        # 1. Register
        reg_data = {
            "username": "testuser",
            "email": "test@example.com",
            "password": "testpassword"
        }
>       response = client.post("/auth/register", json=reg_data)

tests\test_auth.py:12: 
_ _ _ _ _ _ _ _ _ _ _ _ _ _ _ _ _ _ _ _ _ _ _ _ _ _ _ _ _ _ _ _ _ _ _ _ _ _ _ _
C:\Users\Acer\AppData\Roaming\Python\Python311\site-packages\starlette\testclient.py:593: in post
    return super().post(
C:\Users\Acer\AppData\Roaming\Python\Python311\site-packages\httpx\_client.py:1146: in post
    return self.request(
C:\Users\Acer\AppData\Roaming\Python\Python311\site-packages\starlette\testclient.py:468: in request
    return super().request(
C:\Users\Acer\AppData\Roaming\Python\Python311\site-packages\httpx\_client.py:828: in request
    return self.send(request, auth=auth, follow_redirects=follow_redirects)
C:\Users\Acer\AppData\Roaming\Python\Python311\site-packages\httpx\_client.py:915: in send
    response = self._send_handling_auth(
C:\Users\Acer\AppData\Roaming\Python\Python311\site-packages\httpx\_client.py:943: in _send_handling_auth
    response = self._send_handling_redirects(
C:\Users\Acer\AppData\Roaming\Python\Python311\site-packages\httpx\_client.py:980: in _send_handling_redirects
    response = self._send_single_request(request)
C:\Users\Acer\AppData\Roaming\Python\Python311\site-packages\httpx\_client.py:1016: in _send_single_request
    response = transport.handle_request(request)
C:\Users\Acer\AppData\Roaming\Python\Python311\site-packages\starlette\testclient.py:344: in handle_request
    raise exc
C:\Users\Acer\AppData\Roaming\Python\Python311\site-packages\starlette\testclient.py:341: in handle_request
    portal.call(self.app, scope, receive, send)
C:\Users\Acer\AppData\Roaming\Python\Python311\site-packages\anyio\from_thread.py:334: in call
    return cast(T_Retval, self.start_task_soon(func, *args).result())
C:\Program Files\Python311\Lib\concurrent\futures\_base.py:456: in result
    return self.__get_result()
C:\Program Files\Python311\Lib\concurrent\futures\_base.py:401: in __get_result
    raise self._exception
C:\Users\Acer\AppData\Roaming\Python\Python311\site-packages\anyio\from_thread.py:259: in _call_func
    retval = await retval_or_awaitable
C:\Users\Acer\AppData\Roaming\Python\Python311\site-packages\fastapi\applications.py:1054: in __call__
    await super().__call__(scope, receive, send)
C:\Users\Acer\AppData\Roaming\Python\Python311\site-packages\starlette\applications.py:123: in __call__
    await self.middleware_stack(scope, receive, send)
C:\Users\Acer\AppData\Roaming\Python\Python311\site-packages\starlette\middleware\errors.py:186: in __call__
    raise exc
C:\Users\Acer\AppData\Roaming\Python\Python311\site-packages\starlette\middleware\errors.py:164: in __call__
    await self.app(scope, receive, _send)
C:\Users\Acer\AppData\Roaming\Python\Python311\site-packages\starlette\middleware\base.py:189: in __call__
    with collapse_excgroups():
C:\Program Files\Python311\Lib\contextlib.py:158: in __exit__
    self.gen.throw(typ, value, traceback)
C:\Users\Acer\AppData\Roaming\Python\Python311\site-packages\starlette\_utils.py:91: in collapse_excgroups
    raise exc
C:\Users\Acer\AppData\Roaming\Python\Python311\site-packages\starlette\middleware\base.py:191: in __call__
    response = await self.dispatch_func(request, call_next)
app\middleware\logging_middleware.py:26: in dispatch
    response = await call_next(request)
C:\Users\Acer\AppData\Roaming\Python\Python311\site-packages\starlette\middleware\base.py:165: in call_next
    raise app_exc
C:\Users\Acer\AppData\Roaming\Python\Python311\site-packages\starlette\middleware\base.py:151: in coro
    await self.app(scope, receive_or_disconnect, send_no_error)
C:\Users\Acer\AppData\Roaming\Python\Python311\site-packages\starlette\middleware\exceptions.py:62: in __call__
    await wrap_app_handling_exceptions(self.app, conn)(scope, receive, send)
C:\Users\Acer\AppData\Roaming\Python\Python311\site-packages\starlette\_exception_handler.py:64: in wrapped_app
    raise exc
C:\Users\Acer\AppData\Roaming\Python\Python311\site-packages\starlette\_exception_handler.py:53: in wrapped_app
    await app(scope, receive, sender)
C:\Users\Acer\AppData\Roaming\Python\Python311\site-packages\starlette\routing.py:762: in __call__
    await self.middleware_stack(scope, receive, send)
C:\Users\Acer\AppData\Roaming\Python\Python311\site-packages\starlette\routing.py:782: in app
    await route.handle(scope, receive, send)
C:\Users\Acer\AppData\Roaming\Python\Python311\site-packages\starlette\routing.py:297: in handle
    await self.app(scope, receive, send)
C:\Users\Acer\AppData\Roaming\Python\Python311\site-packages\starlette\routing.py:77: in app
    await wrap_app_handling_exceptions(app, request)(scope, receive, send)
C:\Users\Acer\AppData\Roaming\Python\Python311\site-packages\starlette\_exception_handler.py:64: in wrapped_app
    raise exc
C:\Users\Acer\AppData\Roaming\Python\Python311\site-packages\starlette\_exception_handler.py:53: in wrapped_app
    await app(scope, receive, sender)
C:\Users\Acer\AppData\Roaming\Python\Python311\site-packages\starlette\routing.py:72: in app
    response = await func(request)
C:\Users\Acer\AppData\Roaming\Python\Python311\site-packages\fastapi\routing.py:299: in app
    raise e
C:\Users\Acer\AppData\Roaming\Python\Python311\site-packages\fastapi\routing.py:294: in app
    raw_response = await run_endpoint_function(
C:\Users\Acer\AppData\Roaming\Python\Python311\site-packages\fastapi\routing.py:193: in run_endpoint_function
    return await run_in_threadpool(dependant.call, **values)
C:\Users\Acer\AppData\Roaming\Python\Python311\site-packages\starlette\concurrency.py:40: in run_in_threadpool
    return await anyio.to_thread.run_sync(func, *args)
C:\Users\Acer\AppData\Roaming\Python\Python311\site-packages\anyio\to_thread.py:63: in run_sync
    return await get_async_backend().run_sync_in_worker_thread(
C:\Users\Acer\AppData\Roaming\Python\Python311\site-packages\anyio\_backends\_asyncio.py:2502: in run_sync_in_worker_thread
    return await future
C:\Users\Acer\AppData\Roaming\Python\Python311\site-packages\anyio\_backends\_asyncio.py:986: in run
    result = context.run(func, *args)
app\api\auth.py:38: in register_user
    hashed_password=security.get_password_hash(user_in.password),
app\core\security.py:16: in get_password_hash
    return pwd_context.hash(password)
C:\Users\Acer\AppData\Roaming\Python\Python311\site-packages\passlib\context.py:2258: in hash
    return record.hash(secret, **kwds)
C:\Users\Acer\AppData\Roaming\Python\Python311\site-packages\passlib\utils\handlers.py:779: in hash
    self.checksum = self._calc_checksum(secret)
C:\Users\Acer\AppData\Roaming\Python\Python311\site-packages\passlib\handlers\bcrypt.py:591: in _calc_checksum
    self._stub_requires_backend()
C:\Users\Acer\AppData\Roaming\Python\Python311\site-packages\passlib\utils\handlers.py:2254: in _stub_requires_backend
    cls.set_backend()
C:\Users\Acer\AppData\Roaming\Python\Python311\site-packages\passlib\utils\handlers.py:2156: in set_backend
    return owner.set_backend(name, dryrun=dryrun)
C:\Users\Acer\AppData\Roaming\Python\Python311\site-packages\passlib\utils\handlers.py:2163: in set_backend
    return cls.set_backend(name, dryrun=dryrun)
C:\Users\Acer\AppData\Roaming\Python\Python311\site-packages\passlib\utils\handlers.py:2188: in set_backend
    cls._set_backend(name, dryrun)
C:\Users\Acer\AppData\Roaming\Python\Python311\site-packages\passlib\utils\handlers.py:2311: in _set_backend
    super(SubclassBackendMixin, cls)._set_backend(name, dryrun)
C:\Users\Acer\AppData\Roaming\Python\Python311\site-packages\passlib\utils\handlers.py:2224: in _set_backend
    ok = loader(**kwds)
C:\Users\Acer\AppData\Roaming\Python\Python311\site-packages\passlib\handlers\bcrypt.py:626: in _load_backend_mixin
    return mixin_cls._finalize_backend_mixin(name, dryrun)
C:\Users\Acer\AppData\Roaming\Python\Python311\site-packages\passlib\handlers\bcrypt.py:421: in _finalize_backend_mixin
    if detect_wrap_bug(IDENT_2A):
C:\Users\Acer\AppData\Roaming\Python\Python311\site-packages\passlib\handlers\bcrypt.py:380: in detect_wrap_bug
    if verify(secret, bug_hash):
C:\Users\Acer\AppData\Roaming\Python\Python311\site-packages\passlib\utils\handlers.py:792: in verify
    return consteq(self._calc_checksum(secret), chk)
_ _ _ _ _ _ _ _ _ _ _ _ _ _ _ _ _ _ _ _ _ _ _ _ _ _ _ _ _ _ _ _ _ _ _ _ _ _ _ _

self = <passlib.handlers.bcrypt._BcryptBackend object at 0x00000254E06D2FD0>
secret = b'01234567890123456789012345678901234567890123456789012345678901234567890123456789012345678901234567890123456789012345...7890123456789012345678901234567890123456789012345678901234567890123456789012345678901234567890123456789012345678901234'

    def _calc_checksum(self, secret):
        # bcrypt behavior:
        #   secret must be bytes
        #   config must be ascii bytes
        #   returns ascii bytes
        secret, ident = self._prepare_digest_args(secret)
        config = self._get_config(ident)
        if isinstance(config, unicode):
            config = config.encode("ascii")
>       hash = _bcrypt.hashpw(secret, config)
E       ValueError: password cannot be longer than 72 bytes, truncate manually if necessary (e.g. my_password[:72])

C:\Users\Acer\AppData\Roaming\Python\Python311\site-packages\passlib\handlers\bcrypt.py:655: ValueError
---------------------------- Captured stdout setup ----------------------------
2026-03-04 09:25:42 | WARNING  | app | [REQ:-] [TASK:-] [USER:-] | FastAPI Limiter not available due to dependency issues
---------------------------- Captured stdout call -----------------------------
2026-03-04 09:25:42 | INFO     | app | [REQ:f73c4f61-1194-4c7b-9f36-30bb5ea824f5] [TASK:-] [USER:-] | Started POST /auth/register
2026-03-04 09:25:42 | WARNING  | passlib.handlers.bcrypt | [REQ:f73c4f61-1194-4c7b-9f36-30bb5ea824f5] [TASK:-] [USER:-] | (trapped) error reading bcrypt version
Traceback (most recent call last):
  File "C:\Users\Acer\AppData\Roaming\Python\Python311\site-packages\passlib\handlers\bcrypt.py", line 620, in _load_backend_mixin
    version = _bcrypt.__about__.__version__
              ^^^^^^^^^^^^^^^^^
AttributeError: module 'bcrypt' has no attribute '__about__'
2026-03-04 09:25:42 | ERROR    | app | [REQ:f73c4f61-1194-4c7b-9f36-30bb5ea824f5] [TASK:-] [USER:-] | Failed POST /auth/register - Error: password cannot be longer than 72 bytes, truncate manually if necessary (e.g. my_password[:72]) - Duration: 15.36ms
Traceback (most recent call last):
  File "C:\Users\Acer\AppData\Roaming\Python\Python311\site-packages\starlette\middleware\base.py", line 159, in call_next
    message = await recv_stream.receive()
              ^^^^^^^^^^^^^^^^^^^^^^^^^^^
  File "C:\Users\Acer\AppData\Roaming\Python\Python311\site-packages\anyio\streams\memory.py", line 132, in receive
    raise EndOfStream from None
anyio.EndOfStream

During handling of the above exception, another exception occurred:

Traceback (most recent call last):
  File "D:\hoc tap\ClothesProject\app\middleware\logging_middleware.py", line 26, in dispatch
    response = await call_next(request)
               ^^^^^^^^^^^^^^^^^^^^^^^^
  File "C:\Users\Acer\AppData\Roaming\Python\Python311\site-packages\starlette\middleware\base.py", line 165, in call_next
    raise app_exc
  File "C:\Users\Acer\AppData\Roaming\Python\Python311\site-packages\starlette\middleware\base.py", line 151, in coro
    await self.app(scope, receive_or_disconnect, send_no_error)
  File "C:\Users\Acer\AppData\Roaming\Python\Python311\site-packages\starlette\middleware\exceptions.py", line 62, in __call__
    await wrap_app_handling_exceptions(self.app, conn)(scope, receive, send)
  File "C:\Users\Acer\AppData\Roaming\Python\Python311\site-packages\starlette\_exception_handler.py", line 64, in wrapped_app
    raise exc
  File "C:\Users\Acer\AppData\Roaming\Python\Python311\site-packages\starlette\_exception_handler.py", line 53, in wrapped_app
    await app(scope, receive, sender)
  File "C:\Users\Acer\AppData\Roaming\Python\Python311\site-packages\starlette\routing.py", line 762, in __call__
    await self.middleware_stack(scope, receive, send)
  File "C:\Users\Acer\AppData\Roaming\Python\Python311\site-packages\starlette\routing.py", line 782, in app
    await route.handle(scope, receive, send)
  File "C:\Users\Acer\AppData\Roaming\Python\Python311\site-packages\starlette\routing.py", line 297, in handle
    await self.app(scope, receive, send)
  File "C:\Users\Acer\AppData\Roaming\Python\Python311\site-packages\starlette\routing.py", line 77, in app
    await wrap_app_handling_exceptions(app, request)(scope, receive, send)
  File "C:\Users\Acer\AppData\Roaming\Python\Python311\site-packages\starlette\_exception_handler.py", line 64, in wrapped_app
    raise exc
  File "C:\Users\Acer\AppData\Roaming\Python\Python311\site-packages\starlette\_exception_handler.py", line 53, in wrapped_app
    await app(scope, receive, sender)
  File "C:\Users\Acer\AppData\Roaming\Python\Python311\site-packages\starlette\routing.py", line 72, in app
    response = await func(request)
               ^^^^^^^^^^^^^^^^^^^
  File "C:\Users\Acer\AppData\Roaming\Python\Python311\site-packages\fastapi\routing.py", line 299, in app
    raise e
  File "C:\Users\Acer\AppData\Roaming\Python\Python311\site-packages\fastapi\routing.py", line 294, in app
    raw_response = await run_endpoint_function(
                   ^^^^^^^^^^^^^^^^^^^^^^^^^^^^
  File "C:\Users\Acer\AppData\Roaming\Python\Python311\site-packages\fastapi\routing.py", line 193, in run_endpoint_function
    return await run_in_threadpool(dependant.call, **values)
           ^^^^^^^^^^^^^^^^^^^^^^^^^^^^^^^^^^^^^^^^^^^^^^^^^
  File "C:\Users\Acer\AppData\Roaming\Python\Python311\site-packages\starlette\concurrency.py", line 40, in run_in_threadpool
    return await anyio.to_thread.run_sync(func, *args)
           ^^^^^^^^^^^^^^^^^^^^^^^^^^^^^^^^^^^^^^^^^^^
  File "C:\Users\Acer\AppData\Roaming\Python\Python311\site-packages\anyio\to_thread.py", line 63, in run_sync
    return await get_async_backend().run_sync_in_worker_thread(
           ^^^^^^^^^^^^^^^^^^^^^^^^^^^^^^^^^^^^^^^^^^^^^^^^^^^^
  File "C:\Users\Acer\AppData\Roaming\Python\Python311\site-packages\anyio\_backends\_asyncio.py", line 2502, in run_sync_in_worker_thread
    return await future
           ^^^^^^^^^^^^
  File "C:\Users\Acer\AppData\Roaming\Python\Python311\site-packages\anyio\_backends\_asyncio.py", line 986, in run
    result = context.run(func, *args)
             ^^^^^^^^^^^^^^^^^^^^^^^^
  File "D:\hoc tap\ClothesProject\app\api\auth.py", line 38, in register_user
    hashed_password=security.get_password_hash(user_in.password),
                    ^^^^^^^^^^^^^^^^^^^^^^^^^^^^^^^^^^^^^^^^^^^^
  File "D:\hoc tap\ClothesProject\app\core\security.py", line 16, in get_password_hash
    return pwd_context.hash(password)
           ^^^^^^^^^^^^^^^^^^^^^^^^^^
  File "C:\Users\Acer\AppData\Roaming\Python\Python311\site-packages\passlib\context.py", line 2258, in hash
    return record.hash(secret, **kwds)
           ^^^^^^^^^^^^^^^^^^^^^^^^^^^
  File "C:\Users\Acer\AppData\Roaming\Python\Python311\site-packages\passlib\utils\handlers.py", line 779, in hash
    self.checksum = self._calc_checksum(secret)
                    ^^^^^^^^^^^^^^^^^^^^^^^^^^^
  File "C:\Users\Acer\AppData\Roaming\Python\Python311\site-packages\passlib\handlers\bcrypt.py", line 591, in _calc_checksum
    self._stub_requires_backend()
  File "C:\Users\Acer\AppData\Roaming\Python\Python311\site-packages\passlib\utils\handlers.py", line 2254, in _stub_requires_backend
    cls.set_backend()
  File "C:\Users\Acer\AppData\Roaming\Python\Python311\site-packages\passlib\utils\handlers.py", line 2156, in set_backend
    return owner.set_backend(name, dryrun=dryrun)
           ^^^^^^^^^^^^^^^^^^^^^^^^^^^^^^^^^^^^^^
  File "C:\Users\Acer\AppData\Roaming\Python\Python311\site-packages\passlib\utils\handlers.py", line 2163, in set_backend
    return cls.set_backend(name, dryrun=dryrun)
           ^^^^^^^^^^^^^^^^^^^^^^^^^^^^^^^^^^^^
  File "C:\Users\Acer\AppData\Roaming\Python\Python311\site-packages\passlib\utils\handlers.py", line 2188, in set_backend
    cls._set_backend(name, dryrun)
  File "C:\Users\Acer\AppData\Roaming\Python\Python311\site-packages\passlib\utils\handlers.py", line 2311, in _set_backend
    super(SubclassBackendMixin, cls)._set_backend(name, dryrun)
  File "C:\Users\Acer\AppData\Roaming\Python\Python311\site-packages\passlib\utils\handlers.py", line 2224, in _set_backend
    ok = loader(**kwds)
         ^^^^^^^^^^^^^^
  File "C:\Users\Acer\AppData\Roaming\Python\Python311\site-packages\passlib\handlers\bcrypt.py", line 626, in _load_backend_mixin
    return mixin_cls._finalize_backend_mixin(name, dryrun)
           ^^^^^^^^^^^^^^^^^^^^^^^^^^^^^^^^^^^^^^^^^^^^^^^
  File "C:\Users\Acer\AppData\Roaming\Python\Python311\site-packages\passlib\handlers\bcrypt.py", line 421, in _finalize_backend_mixin
    if detect_wrap_bug(IDENT_2A):
       ^^^^^^^^^^^^^^^^^^^^^^^^^
  File "C:\Users\Acer\AppData\Roaming\Python\Python311\site-packages\passlib\handlers\bcrypt.py", line 380, in detect_wrap_bug
    if verify(secret, bug_hash):
       ^^^^^^^^^^^^^^^^^^^^^^^^
  File "C:\Users\Acer\AppData\Roaming\Python\Python311\site-packages\passlib\utils\handlers.py", line 792, in verify
    return consteq(self._calc_checksum(secret), chk)
                   ^^^^^^^^^^^^^^^^^^^^^^^^^^^
  File "C:\Users\Acer\AppData\Roaming\Python\Python311\site-packages\passlib\handlers\bcrypt.py", line 655, in _calc_checksum
    hash = _bcrypt.hashpw(secret, config)
           ^^^^^^^^^^^^^^^^^^^^^^^^^^^^^^
ValueError: password cannot be longer than 72 bytes, truncate manually if necessary (e.g. my_password[:72])
------------------------------ Captured log call ------------------------------
WARNING  passlib.handlers.bcrypt:bcrypt.py:622 (trapped) error reading bcrypt version
Traceback (most recent call last):
  File "C:\Users\Acer\AppData\Roaming\Python\Python311\site-packages\passlib\handlers\bcrypt.py", line 620, in _load_backend_mixin
    version = _bcrypt.__about__.__version__
              ^^^^^^^^^^^^^^^^^
AttributeError: module 'bcrypt' has no attribute '__about__'
_______________________ test_protected_endpoint_access ________________________
  + Exception Group Traceback (most recent call last):
  |   File "C:\Users\Acer\AppData\Roaming\Python\Python311\site-packages\starlette\_utils.py", line 85, in collapse_excgroups
  |     yield
  |   File "C:\Users\Acer\AppData\Roaming\Python\Python311\site-packages\starlette\middleware\base.py", line 190, in __call__
  |     async with anyio.create_task_group() as task_group:
  |   File "C:\Users\Acer\AppData\Roaming\Python\Python311\site-packages\anyio\_backends\_asyncio.py", line 783, in __aexit__
  |     raise BaseExceptionGroup(
  | ExceptionGroup: unhandled errors in a TaskGroup (1 sub-exception)
  +-+---------------- 1 ----------------
    | Traceback (most recent call last):
    |   File "C:\Users\Acer\AppData\Roaming\Python\Python311\site-packages\_pytest\runner.py", line 345, in from_call
    |     result: Optional[TResult] = func()
    |                                 ^^^^^^
    |   File "C:\Users\Acer\AppData\Roaming\Python\Python311\site-packages\_pytest\runner.py", line 266, in <lambda>
    |     lambda: ihook(item=item, **kwds), when=when, reraise=reraise
    |             ^^^^^^^^^^^^^^^^^^^^^^^^
    |   File "C:\Users\Acer\AppData\Roaming\Python\Python311\site-packages\pluggy\_hooks.py", line 512, in __call__
    |     return self._hookexec(self.name, self._hookimpls.copy(), kwargs, firstresult)
    |            ^^^^^^^^^^^^^^^^^^^^^^^^^^^^^^^^^^^^^^^^^^^^^^^^^^^^^^^^^^^^^^^^^^^^^^
    |   File "C:\Users\Acer\AppData\Roaming\Python\Python311\site-packages\pluggy\_manager.py", line 120, in _hookexec
    |     return self._inner_hookexec(hook_name, methods, kwargs, firstresult)
    |            ^^^^^^^^^^^^^^^^^^^^^^^^^^^^^^^^^^^^^^^^^^^^^^^^^^^^^^^^^^^^^
    |   File "C:\Users\Acer\AppData\Roaming\Python\Python311\site-packages\pluggy\_callers.py", line 167, in _multicall
    |     raise exception
    |   File "C:\Users\Acer\AppData\Roaming\Python\Python311\site-packages\pluggy\_callers.py", line 139, in _multicall
    |     teardown.throw(exception)
    |   File "C:\Users\Acer\AppData\Roaming\Python\Python311\site-packages\_pytest\threadexception.py", line 87, in pytest_runtest_call
    |     yield from thread_exception_runtest_hook()
    |   File "C:\Users\Acer\AppData\Roaming\Python\Python311\site-packages\_pytest\threadexception.py", line 63, in thread_exception_runtest_hook
    |     yield
    |   File "C:\Users\Acer\AppData\Roaming\Python\Python311\site-packages\pluggy\_callers.py", line 139, in _multicall
    |     teardown.throw(exception)
    |   File "C:\Users\Acer\AppData\Roaming\Python\Python311\site-packages\_pytest\unraisableexception.py", line 90, in pytest_runtest_call
    |     yield from unraisable_exception_runtest_hook()
    |   File "C:\Users\Acer\AppData\Roaming\Python\Python311\site-packages\_pytest\unraisableexception.py", line 65, in unraisable_exception_runtest_hook
    |     yield
    |   File "C:\Users\Acer\AppData\Roaming\Python\Python311\site-packages\pluggy\_callers.py", line 139, in _multicall
    |     teardown.throw(exception)
    |   File "C:\Users\Acer\AppData\Roaming\Python\Python311\site-packages\_pytest\logging.py", line 839, in pytest_runtest_call
    |     yield from self._runtest_for(item, "call")
    |   File "C:\Users\Acer\AppData\Roaming\Python\Python311\site-packages\_pytest\logging.py", line 822, in _runtest_for
    |     yield
    |   File "C:\Users\Acer\AppData\Roaming\Python\Python311\site-packages\pluggy\_callers.py", line 139, in _multicall
    |     teardown.throw(exception)
    |   File "C:\Users\Acer\AppData\Roaming\Python\Python311\site-packages\_pytest\capture.py", line 882, in pytest_runtest_call
    |     return (yield)
    |             ^^^^^
    |   File "C:\Users\Acer\AppData\Roaming\Python\Python311\site-packages\pluggy\_callers.py", line 139, in _multicall
    |     teardown.throw(exception)
    |   File "C:\Users\Acer\AppData\Roaming\Python\Python311\site-packages\_pytest\skipping.py", line 257, in pytest_runtest_call
    |     return (yield)
    |             ^^^^^
    |   File "C:\Users\Acer\AppData\Roaming\Python\Python311\site-packages\pluggy\_callers.py", line 121, in _multicall
    |     res = hook_impl.function(*args)
    |           ^^^^^^^^^^^^^^^^^^^^^^^^^
    |   File "C:\Users\Acer\AppData\Roaming\Python\Python311\site-packages\_pytest\runner.py", line 181, in pytest_runtest_call
    |     raise e
    |   File "C:\Users\Acer\AppData\Roaming\Python\Python311\site-packages\_pytest\runner.py", line 173, in pytest_runtest_call
    |     item.runtest()
    |   File "C:\Users\Acer\AppData\Roaming\Python\Python311\site-packages\_pytest\python.py", line 1836, in runtest
    |     self.ihook.pytest_pyfunc_call(pyfuncitem=self)
    |   File "C:\Users\Acer\AppData\Roaming\Python\Python311\site-packages\pluggy\_hooks.py", line 512, in __call__
    |     return self._hookexec(self.name, self._hookimpls.copy(), kwargs, firstresult)
    |            ^^^^^^^^^^^^^^^^^^^^^^^^^^^^^^^^^^^^^^^^^^^^^^^^^^^^^^^^^^^^^^^^^^^^^^
    |   File "C:\Users\Acer\AppData\Roaming\Python\Python311\site-packages\pluggy\_manager.py", line 120, in _hookexec
    |     return self._inner_hookexec(hook_name, methods, kwargs, firstresult)
    |            ^^^^^^^^^^^^^^^^^^^^^^^^^^^^^^^^^^^^^^^^^^^^^^^^^^^^^^^^^^^^^
    |   File "C:\Users\Acer\AppData\Roaming\Python\Python311\site-packages\pluggy\_callers.py", line 167, in _multicall
    |     raise exception
    |   File "C:\Users\Acer\AppData\Roaming\Python\Python311\site-packages\pluggy\_callers.py", line 139, in _multicall
    |     teardown.throw(exception)
    |   File "C:\Users\Acer\AppData\Roaming\Python\Python311\site-packages\pluggy\_callers.py", line 53, in run_old_style_hookwrapper
    |     return result.get_result()
    |            ^^^^^^^^^^^^^^^^^^^
    |   File "C:\Users\Acer\AppData\Roaming\Python\Python311\site-packages\pluggy\_result.py", line 103, in get_result
    |     raise exc.with_traceback(tb)
    |   File "C:\Users\Acer\AppData\Roaming\Python\Python311\site-packages\pluggy\_callers.py", line 38, in run_old_style_hookwrapper
    |     res = yield
    |           ^^^^^
    |   File "C:\Users\Acer\AppData\Roaming\Python\Python311\site-packages\pluggy\_callers.py", line 121, in _multicall
    |     res = hook_impl.function(*args)
    |           ^^^^^^^^^^^^^^^^^^^^^^^^^
    |   File "C:\Users\Acer\AppData\Roaming\Python\Python311\site-packages\_pytest\python.py", line 193, in pytest_pyfunc_call
    |     result = testfunction(**testargs)
    |              ^^^^^^^^^^^^^^^^^^^^^^^^
    |   File "D:\hoc tap\ClothesProject\tests\test_auth.py", line 31, in test_protected_endpoint_access
    |     client.post("/auth/register", json={"username": "user1", "email": "u1@ex.com", "password": "pass"})
    |   File "C:\Users\Acer\AppData\Roaming\Python\Python311\site-packages\starlette\testclient.py", line 593, in post
    |     return super().post(
    |            ^^^^^^^^^^^^^
    |   File "C:\Users\Acer\AppData\Roaming\Python\Python311\site-packages\httpx\_client.py", line 1146, in post
    |     return self.request(
    |            ^^^^^^^^^^^^^
    |   File "C:\Users\Acer\AppData\Roaming\Python\Python311\site-packages\starlette\testclient.py", line 468, in request
    |     return super().request(
    |            ^^^^^^^^^^^^^^^^
    |   File "C:\Users\Acer\AppData\Roaming\Python\Python311\site-packages\httpx\_client.py", line 828, in request
    |     return self.send(request, auth=auth, follow_redirects=follow_redirects)
    |            ^^^^^^^^^^^^^^^^^^^^^^^^^^^^^^^^^^^^^^^^^^^^^^^^^^^^^^^^^^^^^^^^
    |   File "C:\Users\Acer\AppData\Roaming\Python\Python311\site-packages\httpx\_client.py", line 915, in send
    |     response = self._send_handling_auth(
    |                ^^^^^^^^^^^^^^^^^^^^^^^^^
    |   File "C:\Users\Acer\AppData\Roaming\Python\Python311\site-packages\httpx\_client.py", line 943, in _send_handling_auth
    |     response = self._send_handling_redirects(
    |                ^^^^^^^^^^^^^^^^^^^^^^^^^^^^^^
    |   File "C:\Users\Acer\AppData\Roaming\Python\Python311\site-packages\httpx\_client.py", line 980, in _send_handling_redirects
    |     response = self._send_single_request(request)
    |                ^^^^^^^^^^^^^^^^^^^^^^^^^^^^^^^^^^
    |   File "C:\Users\Acer\AppData\Roaming\Python\Python311\site-packages\httpx\_client.py", line 1016, in _send_single_request
    |     response = transport.handle_request(request)
    |                ^^^^^^^^^^^^^^^^^^^^^^^^^^^^^^^^^
    |   File "C:\Users\Acer\AppData\Roaming\Python\Python311\site-packages\starlette\testclient.py", line 344, in handle_request
    |     raise exc
    |   File "C:\Users\Acer\AppData\Roaming\Python\Python311\site-packages\starlette\testclient.py", line 341, in handle_request
    |     portal.call(self.app, scope, receive, send)
    |   File "C:\Users\Acer\AppData\Roaming\Python\Python311\site-packages\anyio\from_thread.py", line 334, in call
    |     return cast(T_Retval, self.start_task_soon(func, *args).result())
    |                           ^^^^^^^^^^^^^^^^^^^^^^^^^^^^^^^^^^^^^^^^^^
    |   File "C:\Program Files\Python311\Lib\concurrent\futures\_base.py", line 456, in result
    |     return self.__get_result()
    |            ^^^^^^^^^^^^^^^^^^^
    |   File "C:\Program Files\Python311\Lib\concurrent\futures\_base.py", line 401, in __get_result
    |     raise self._exception
    |   File "C:\Users\Acer\AppData\Roaming\Python\Python311\site-packages\anyio\from_thread.py", line 259, in _call_func
    |     retval = await retval_or_awaitable
    |              ^^^^^^^^^^^^^^^^^^^^^^^^^
    |   File "C:\Users\Acer\AppData\Roaming\Python\Python311\site-packages\fastapi\applications.py", line 1054, in __call__
    |     await super().__call__(scope, receive, send)
    |   File "C:\Users\Acer\AppData\Roaming\Python\Python311\site-packages\starlette\applications.py", line 123, in __call__
    |     await self.middleware_stack(scope, receive, send)
    |   File "C:\Users\Acer\AppData\Roaming\Python\Python311\site-packages\starlette\middleware\errors.py", line 186, in __call__
    |     raise exc
    |   File "C:\Users\Acer\AppData\Roaming\Python\Python311\site-packages\starlette\middleware\errors.py", line 164, in __call__
    |     await self.app(scope, receive, _send)
    |   File "C:\Users\Acer\AppData\Roaming\Python\Python311\site-packages\starlette\middleware\base.py", line 189, in __call__
    |     with collapse_excgroups():
    |   File "C:\Program Files\Python311\Lib\contextlib.py", line 158, in __exit__
    |     self.gen.throw(typ, value, traceback)
    |   File "C:\Users\Acer\AppData\Roaming\Python\Python311\site-packages\starlette\_utils.py", line 91, in collapse_excgroups
    |     raise exc
    |   File "C:\Users\Acer\AppData\Roaming\Python\Python311\site-packages\starlette\middleware\base.py", line 191, in __call__
    |     response = await self.dispatch_func(request, call_next)
    |                ^^^^^^^^^^^^^^^^^^^^^^^^^^^^^^^^^^^^^^^^^^^^
    |   File "D:\hoc tap\ClothesProject\app\middleware\logging_middleware.py", line 26, in dispatch
    |     response = await call_next(request)
    |                ^^^^^^^^^^^^^^^^^^^^^^^^
    |   File "C:\Users\Acer\AppData\Roaming\Python\Python311\site-packages\starlette\middleware\base.py", line 165, in call_next
    |     raise app_exc
    |   File "C:\Users\Acer\AppData\Roaming\Python\Python311\site-packages\starlette\middleware\base.py", line 151, in coro
    |     await self.app(scope, receive_or_disconnect, send_no_error)
    |   File "C:\Users\Acer\AppData\Roaming\Python\Python311\site-packages\starlette\middleware\exceptions.py", line 62, in __call__
    |     await wrap_app_handling_exceptions(self.app, conn)(scope, receive, send)
    |   File "C:\Users\Acer\AppData\Roaming\Python\Python311\site-packages\starlette\_exception_handler.py", line 64, in wrapped_app
    |     raise exc
    |   File "C:\Users\Acer\AppData\Roaming\Python\Python311\site-packages\starlette\_exception_handler.py", line 53, in wrapped_app
    |     await app(scope, receive, sender)
    |   File "C:\Users\Acer\AppData\Roaming\Python\Python311\site-packages\starlette\routing.py", line 762, in __call__
    |     await self.middleware_stack(scope, receive, send)
    |   File "C:\Users\Acer\AppData\Roaming\Python\Python311\site-packages\starlette\routing.py", line 782, in app
    |     await route.handle(scope, receive, send)
    |   File "C:\Users\Acer\AppData\Roaming\Python\Python311\site-packages\starlette\routing.py", line 297, in handle
    |     await self.app(scope, receive, send)
    |   File "C:\Users\Acer\AppData\Roaming\Python\Python311\site-packages\starlette\routing.py", line 77, in app
    |     await wrap_app_handling_exceptions(app, request)(scope, receive, send)
    |   File "C:\Users\Acer\AppData\Roaming\Python\Python311\site-packages\starlette\_exception_handler.py", line 64, in wrapped_app
    |     raise exc
    |   File "C:\Users\Acer\AppData\Roaming\Python\Python311\site-packages\starlette\_exception_handler.py", line 53, in wrapped_app
    |     await app(scope, receive, sender)
    |   File "C:\Users\Acer\AppData\Roaming\Python\Python311\site-packages\starlette\routing.py", line 72, in app
    |     response = await func(request)
    |                ^^^^^^^^^^^^^^^^^^^
    |   File "C:\Users\Acer\AppData\Roaming\Python\Python311\site-packages\fastapi\routing.py", line 299, in app
    |     raise e
    |   File "C:\Users\Acer\AppData\Roaming\Python\Python311\site-packages\fastapi\routing.py", line 294, in app
    |     raw_response = await run_endpoint_function(
    |                    ^^^^^^^^^^^^^^^^^^^^^^^^^^^^
    |   File "C:\Users\Acer\AppData\Roaming\Python\Python311\site-packages\fastapi\routing.py", line 193, in run_endpoint_function
    |     return await run_in_threadpool(dependant.call, **values)
    |            ^^^^^^^^^^^^^^^^^^^^^^^^^^^^^^^^^^^^^^^^^^^^^^^^^
    |   File "C:\Users\Acer\AppData\Roaming\Python\Python311\site-packages\starlette\concurrency.py", line 40, in run_in_threadpool
    |     return await anyio.to_thread.run_sync(func, *args)
    |            ^^^^^^^^^^^^^^^^^^^^^^^^^^^^^^^^^^^^^^^^^^^
    |   File "C:\Users\Acer\AppData\Roaming\Python\Python311\site-packages\anyio\to_thread.py", line 63, in run_sync
    |     return await get_async_backend().run_sync_in_worker_thread(
    |            ^^^^^^^^^^^^^^^^^^^^^^^^^^^^^^^^^^^^^^^^^^^^^^^^^^^^
    |   File "C:\Users\Acer\AppData\Roaming\Python\Python311\site-packages\anyio\_backends\_asyncio.py", line 2502, in run_sync_in_worker_thread
    |     return await future
    |            ^^^^^^^^^^^^
    |   File "C:\Users\Acer\AppData\Roaming\Python\Python311\site-packages\anyio\_backends\_asyncio.py", line 986, in run
    |     result = context.run(func, *args)
    |              ^^^^^^^^^^^^^^^^^^^^^^^^
    |   File "D:\hoc tap\ClothesProject\app\api\auth.py", line 38, in register_user
    |     hashed_password=security.get_password_hash(user_in.password),
    |                     ^^^^^^^^^^^^^^^^^^^^^^^^^^^^^^^^^^^^^^^^^^^^
    |   File "D:\hoc tap\ClothesProject\app\core\security.py", line 16, in get_password_hash
    |     return pwd_context.hash(password)
    |            ^^^^^^^^^^^^^^^^^^^^^^^^^^
    |   File "C:\Users\Acer\AppData\Roaming\Python\Python311\site-packages\passlib\context.py", line 2258, in hash
    |     return record.hash(secret, **kwds)
    |            ^^^^^^^^^^^^^^^^^^^^^^^^^^^
    |   File "C:\Users\Acer\AppData\Roaming\Python\Python311\site-packages\passlib\utils\handlers.py", line 779, in hash
    |     self.checksum = self._calc_checksum(secret)
    |                     ^^^^^^^^^^^^^^^^^^^^^^^^^^^
    |   File "C:\Users\Acer\AppData\Roaming\Python\Python311\site-packages\passlib\handlers\bcrypt.py", line 591, in _calc_checksum
    |     self._stub_requires_backend()
    |   File "C:\Users\Acer\AppData\Roaming\Python\Python311\site-packages\passlib\utils\handlers.py", line 2254, in _stub_requires_backend
    |     cls.set_backend()
    |   File "C:\Users\Acer\AppData\Roaming\Python\Python311\site-packages\passlib\utils\handlers.py", line 2156, in set_backend
    |     return owner.set_backend(name, dryrun=dryrun)
    |            ^^^^^^^^^^^^^^^^^^^^^^^^^^^^^^^^^^^^^^
    |   File "C:\Users\Acer\AppData\Roaming\Python\Python311\site-packages\passlib\utils\handlers.py", line 2163, in set_backend
    |     return cls.set_backend(name, dryrun=dryrun)
    |            ^^^^^^^^^^^^^^^^^^^^^^^^^^^^^^^^^^^^
    |   File "C:\Users\Acer\AppData\Roaming\Python\Python311\site-packages\passlib\utils\handlers.py", line 2188, in set_backend
    |     cls._set_backend(name, dryrun)
    |   File "C:\Users\Acer\AppData\Roaming\Python\Python311\site-packages\passlib\utils\handlers.py", line 2311, in _set_backend
    |     super(SubclassBackendMixin, cls)._set_backend(name, dryrun)
    |   File "C:\Users\Acer\AppData\Roaming\Python\Python311\site-packages\passlib\utils\handlers.py", line 2224, in _set_backend
    |     ok = loader(**kwds)
    |          ^^^^^^^^^^^^^^
    |   File "C:\Users\Acer\AppData\Roaming\Python\Python311\site-packages\passlib\handlers\bcrypt.py", line 626, in _load_backend_mixin
    |     return mixin_cls._finalize_backend_mixin(name, dryrun)
    |            ^^^^^^^^^^^^^^^^^^^^^^^^^^^^^^^^^^^^^^^^^^^^^^^
    |   File "C:\Users\Acer\AppData\Roaming\Python\Python311\site-packages\passlib\handlers\bcrypt.py", line 421, in _finalize_backend_mixin
    |     if detect_wrap_bug(IDENT_2A):
    |        ^^^^^^^^^^^^^^^^^^^^^^^^^
    |   File "C:\Users\Acer\AppData\Roaming\Python\Python311\site-packages\passlib\handlers\bcrypt.py", line 380, in detect_wrap_bug
    |     if verify(secret, bug_hash):
    |        ^^^^^^^^^^^^^^^^^^^^^^^^
    |   File "C:\Users\Acer\AppData\Roaming\Python\Python311\site-packages\passlib\utils\handlers.py", line 792, in verify
    |     return consteq(self._calc_checksum(secret), chk)
    |                    ^^^^^^^^^^^^^^^^^^^^^^^^^^^
    |   File "C:\Users\Acer\AppData\Roaming\Python\Python311\site-packages\passlib\handlers\bcrypt.py", line 655, in _calc_checksum
    |     hash = _bcrypt.hashpw(secret, config)
    |            ^^^^^^^^^^^^^^^^^^^^^^^^^^^^^^
    | ValueError: password cannot be longer than 72 bytes, truncate manually if necessary (e.g. my_password[:72])
    +------------------------------------

During handling of the above exception, another exception occurred:

client = <starlette.testclient.TestClient object at 0x00000254E26E9E50>

    def test_protected_endpoint_access(client):
        """Test access to protected endpoints with and without tokens."""
        # Register and login
>       client.post("/auth/register", json={"username": "user1", "email": "u1@ex.com", "password": "pass"})

tests\test_auth.py:31: 
_ _ _ _ _ _ _ _ _ _ _ _ _ _ _ _ _ _ _ _ _ _ _ _ _ _ _ _ _ _ _ _ _ _ _ _ _ _ _ _
C:\Users\Acer\AppData\Roaming\Python\Python311\site-packages\starlette\testclient.py:593: in post
    return super().post(
C:\Users\Acer\AppData\Roaming\Python\Python311\site-packages\httpx\_client.py:1146: in post
    return self.request(
C:\Users\Acer\AppData\Roaming\Python\Python311\site-packages\starlette\testclient.py:468: in request
    return super().request(
C:\Users\Acer\AppData\Roaming\Python\Python311\site-packages\httpx\_client.py:828: in request
    return self.send(request, auth=auth, follow_redirects=follow_redirects)
C:\Users\Acer\AppData\Roaming\Python\Python311\site-packages\httpx\_client.py:915: in send
    response = self._send_handling_auth(
C:\Users\Acer\AppData\Roaming\Python\Python311\site-packages\httpx\_client.py:943: in _send_handling_auth
    response = self._send_handling_redirects(
C:\Users\Acer\AppData\Roaming\Python\Python311\site-packages\httpx\_client.py:980: in _send_handling_redirects
    response = self._send_single_request(request)
C:\Users\Acer\AppData\Roaming\Python\Python311\site-packages\httpx\_client.py:1016: in _send_single_request
    response = transport.handle_request(request)
C:\Users\Acer\AppData\Roaming\Python\Python311\site-packages\starlette\testclient.py:344: in handle_request
    raise exc
C:\Users\Acer\AppData\Roaming\Python\Python311\site-packages\starlette\testclient.py:341: in handle_request
    portal.call(self.app, scope, receive, send)
C:\Users\Acer\AppData\Roaming\Python\Python311\site-packages\anyio\from_thread.py:334: in call
    return cast(T_Retval, self.start_task_soon(func, *args).result())
C:\Program Files\Python311\Lib\concurrent\futures\_base.py:456: in result
    return self.__get_result()
C:\Program Files\Python311\Lib\concurrent\futures\_base.py:401: in __get_result
    raise self._exception
C:\Users\Acer\AppData\Roaming\Python\Python311\site-packages\anyio\from_thread.py:259: in _call_func
    retval = await retval_or_awaitable
C:\Users\Acer\AppData\Roaming\Python\Python311\site-packages\fastapi\applications.py:1054: in __call__
    await super().__call__(scope, receive, send)
C:\Users\Acer\AppData\Roaming\Python\Python311\site-packages\starlette\applications.py:123: in __call__
    await self.middleware_stack(scope, receive, send)
C:\Users\Acer\AppData\Roaming\Python\Python311\site-packages\starlette\middleware\errors.py:186: in __call__
    raise exc
C:\Users\Acer\AppData\Roaming\Python\Python311\site-packages\starlette\middleware\errors.py:164: in __call__
    await self.app(scope, receive, _send)
C:\Users\Acer\AppData\Roaming\Python\Python311\site-packages\starlette\middleware\base.py:189: in __call__
    with collapse_excgroups():
C:\Program Files\Python311\Lib\contextlib.py:158: in __exit__
    self.gen.throw(typ, value, traceback)
C:\Users\Acer\AppData\Roaming\Python\Python311\site-packages\starlette\_utils.py:91: in collapse_excgroups
    raise exc
C:\Users\Acer\AppData\Roaming\Python\Python311\site-packages\starlette\middleware\base.py:191: in __call__
    response = await self.dispatch_func(request, call_next)
app\middleware\logging_middleware.py:26: in dispatch
    response = await call_next(request)
C:\Users\Acer\AppData\Roaming\Python\Python311\site-packages\starlette\middleware\base.py:165: in call_next
    raise app_exc
C:\Users\Acer\AppData\Roaming\Python\Python311\site-packages\starlette\middleware\base.py:151: in coro
    await self.app(scope, receive_or_disconnect, send_no_error)
C:\Users\Acer\AppData\Roaming\Python\Python311\site-packages\starlette\middleware\exceptions.py:62: in __call__
    await wrap_app_handling_exceptions(self.app, conn)(scope, receive, send)
C:\Users\Acer\AppData\Roaming\Python\Python311\site-packages\starlette\_exception_handler.py:64: in wrapped_app
    raise exc
C:\Users\Acer\AppData\Roaming\Python\Python311\site-packages\starlette\_exception_handler.py:53: in wrapped_app
    await app(scope, receive, sender)
C:\Users\Acer\AppData\Roaming\Python\Python311\site-packages\starlette\routing.py:762: in __call__
    await self.middleware_stack(scope, receive, send)
C:\Users\Acer\AppData\Roaming\Python\Python311\site-packages\starlette\routing.py:782: in app
    await route.handle(scope, receive, send)
C:\Users\Acer\AppData\Roaming\Python\Python311\site-packages\starlette\routing.py:297: in handle
    await self.app(scope, receive, send)
C:\Users\Acer\AppData\Roaming\Python\Python311\site-packages\starlette\routing.py:77: in app
    await wrap_app_handling_exceptions(app, request)(scope, receive, send)
C:\Users\Acer\AppData\Roaming\Python\Python311\site-packages\starlette\_exception_handler.py:64: in wrapped_app
    raise exc
C:\Users\Acer\AppData\Roaming\Python\Python311\site-packages\starlette\_exception_handler.py:53: in wrapped_app
    await app(scope, receive, sender)
C:\Users\Acer\AppData\Roaming\Python\Python311\site-packages\starlette\routing.py:72: in app
    response = await func(request)
C:\Users\Acer\AppData\Roaming\Python\Python311\site-packages\fastapi\routing.py:299: in app
    raise e
C:\Users\Acer\AppData\Roaming\Python\Python311\site-packages\fastapi\routing.py:294: in app
    raw_response = await run_endpoint_function(
C:\Users\Acer\AppData\Roaming\Python\Python311\site-packages\fastapi\routing.py:193: in run_endpoint_function
    return await run_in_threadpool(dependant.call, **values)
C:\Users\Acer\AppData\Roaming\Python\Python311\site-packages\starlette\concurrency.py:40: in run_in_threadpool
    return await anyio.to_thread.run_sync(func, *args)
C:\Users\Acer\AppData\Roaming\Python\Python311\site-packages\anyio\to_thread.py:63: in run_sync
    return await get_async_backend().run_sync_in_worker_thread(
C:\Users\Acer\AppData\Roaming\Python\Python311\site-packages\anyio\_backends\_asyncio.py:2502: in run_sync_in_worker_thread
    return await future
C:\Users\Acer\AppData\Roaming\Python\Python311\site-packages\anyio\_backends\_asyncio.py:986: in run
    result = context.run(func, *args)
app\api\auth.py:38: in register_user
    hashed_password=security.get_password_hash(user_in.password),
app\core\security.py:16: in get_password_hash
    return pwd_context.hash(password)
C:\Users\Acer\AppData\Roaming\Python\Python311\site-packages\passlib\context.py:2258: in hash
    return record.hash(secret, **kwds)
C:\Users\Acer\AppData\Roaming\Python\Python311\site-packages\passlib\utils\handlers.py:779: in hash
    self.checksum = self._calc_checksum(secret)
C:\Users\Acer\AppData\Roaming\Python\Python311\site-packages\passlib\handlers\bcrypt.py:591: in _calc_checksum
    self._stub_requires_backend()
C:\Users\Acer\AppData\Roaming\Python\Python311\site-packages\passlib\utils\handlers.py:2254: in _stub_requires_backend
    cls.set_backend()
C:\Users\Acer\AppData\Roaming\Python\Python311\site-packages\passlib\utils\handlers.py:2156: in set_backend
    return owner.set_backend(name, dryrun=dryrun)
C:\Users\Acer\AppData\Roaming\Python\Python311\site-packages\passlib\utils\handlers.py:2163: in set_backend
    return cls.set_backend(name, dryrun=dryrun)
C:\Users\Acer\AppData\Roaming\Python\Python311\site-packages\passlib\utils\handlers.py:2188: in set_backend
    cls._set_backend(name, dryrun)
C:\Users\Acer\AppData\Roaming\Python\Python311\site-packages\passlib\utils\handlers.py:2311: in _set_backend
    super(SubclassBackendMixin, cls)._set_backend(name, dryrun)
C:\Users\Acer\AppData\Roaming\Python\Python311\site-packages\passlib\utils\handlers.py:2224: in _set_backend
    ok = loader(**kwds)
C:\Users\Acer\AppData\Roaming\Python\Python311\site-packages\passlib\handlers\bcrypt.py:626: in _load_backend_mixin
    return mixin_cls._finalize_backend_mixin(name, dryrun)
C:\Users\Acer\AppData\Roaming\Python\Python311\site-packages\passlib\handlers\bcrypt.py:421: in _finalize_backend_mixin
    if detect_wrap_bug(IDENT_2A):
C:\Users\Acer\AppData\Roaming\Python\Python311\site-packages\passlib\handlers\bcrypt.py:380: in detect_wrap_bug
    if verify(secret, bug_hash):
C:\Users\Acer\AppData\Roaming\Python\Python311\site-packages\passlib\utils\handlers.py:792: in verify
    return consteq(self._calc_checksum(secret), chk)
_ _ _ _ _ _ _ _ _ _ _ _ _ _ _ _ _ _ _ _ _ _ _ _ _ _ _ _ _ _ _ _ _ _ _ _ _ _ _ _

self = <passlib.handlers.bcrypt._BcryptBackend object at 0x00000254E2C13690>
secret = b'01234567890123456789012345678901234567890123456789012345678901234567890123456789012345678901234567890123456789012345...7890123456789012345678901234567890123456789012345678901234567890123456789012345678901234567890123456789012345678901234'

    def _calc_checksum(self, secret):
        # bcrypt behavior:
        #   secret must be bytes
        #   config must be ascii bytes
        #   returns ascii bytes
        secret, ident = self._prepare_digest_args(secret)
        config = self._get_config(ident)
        if isinstance(config, unicode):
            config = config.encode("ascii")
>       hash = _bcrypt.hashpw(secret, config)
E       ValueError: password cannot be longer than 72 bytes, truncate manually if necessary (e.g. my_password[:72])

C:\Users\Acer\AppData\Roaming\Python\Python311\site-packages\passlib\handlers\bcrypt.py:655: ValueError
---------------------------- Captured stdout setup ----------------------------
2026-03-04 09:25:42 | WARNING  | app | [REQ:-] [TASK:-] [USER:-] | FastAPI Limiter not available due to dependency issues
---------------------------- Captured stdout call -----------------------------
2026-03-04 09:25:42 | INFO     | app | [REQ:79f25524-859c-4c10-ac40-df57c21d062c] [TASK:-] [USER:-] | Started POST /auth/register
2026-03-04 09:25:42 | WARNING  | passlib.handlers.bcrypt | [REQ:79f25524-859c-4c10-ac40-df57c21d062c] [TASK:-] [USER:-] | (trapped) error reading bcrypt version
Traceback (most recent call last):
  File "C:\Users\Acer\AppData\Roaming\Python\Python311\site-packages\passlib\handlers\bcrypt.py", line 620, in _load_backend_mixin
    version = _bcrypt.__about__.__version__
              ^^^^^^^^^^^^^^^^^
AttributeError: module 'bcrypt' has no attribute '__about__'
2026-03-04 09:25:42 | ERROR    | app | [REQ:79f25524-859c-4c10-ac40-df57c21d062c] [TASK:-] [USER:-] | Failed POST /auth/register - Error: password cannot be longer than 72 bytes, truncate manually if necessary (e.g. my_password[:72]) - Duration: 10.28ms
Traceback (most recent call last):
  File "C:\Users\Acer\AppData\Roaming\Python\Python311\site-packages\starlette\middleware\base.py", line 159, in call_next
    message = await recv_stream.receive()
              ^^^^^^^^^^^^^^^^^^^^^^^^^^^
  File "C:\Users\Acer\AppData\Roaming\Python\Python311\site-packages\anyio\streams\memory.py", line 132, in receive
    raise EndOfStream from None
anyio.EndOfStream

During handling of the above exception, another exception occurred:

Traceback (most recent call last):
  File "D:\hoc tap\ClothesProject\app\middleware\logging_middleware.py", line 26, in dispatch
    response = await call_next(request)
               ^^^^^^^^^^^^^^^^^^^^^^^^
  File "C:\Users\Acer\AppData\Roaming\Python\Python311\site-packages\starlette\middleware\base.py", line 165, in call_next
    raise app_exc
  File "C:\Users\Acer\AppData\Roaming\Python\Python311\site-packages\starlette\middleware\base.py", line 151, in coro
    await self.app(scope, receive_or_disconnect, send_no_error)
  File "C:\Users\Acer\AppData\Roaming\Python\Python311\site-packages\starlette\middleware\exceptions.py", line 62, in __call__
    await wrap_app_handling_exceptions(self.app, conn)(scope, receive, send)
  File "C:\Users\Acer\AppData\Roaming\Python\Python311\site-packages\starlette\_exception_handler.py", line 64, in wrapped_app
    raise exc
  File "C:\Users\Acer\AppData\Roaming\Python\Python311\site-packages\starlette\_exception_handler.py", line 53, in wrapped_app
    await app(scope, receive, sender)
  File "C:\Users\Acer\AppData\Roaming\Python\Python311\site-packages\starlette\routing.py", line 762, in __call__
    await self.middleware_stack(scope, receive, send)
  File "C:\Users\Acer\AppData\Roaming\Python\Python311\site-packages\starlette\routing.py", line 782, in app
    await route.handle(scope, receive, send)
  File "C:\Users\Acer\AppData\Roaming\Python\Python311\site-packages\starlette\routing.py", line 297, in handle
    await self.app(scope, receive, send)
  File "C:\Users\Acer\AppData\Roaming\Python\Python311\site-packages\starlette\routing.py", line 77, in app
    await wrap_app_handling_exceptions(app, request)(scope, receive, send)
  File "C:\Users\Acer\AppData\Roaming\Python\Python311\site-packages\starlette\_exception_handler.py", line 64, in wrapped_app
    raise exc
  File "C:\Users\Acer\AppData\Roaming\Python\Python311\site-packages\starlette\_exception_handler.py", line 53, in wrapped_app
    await app(scope, receive, sender)
  File "C:\Users\Acer\AppData\Roaming\Python\Python311\site-packages\starlette\routing.py", line 72, in app
    response = await func(request)
               ^^^^^^^^^^^^^^^^^^^
  File "C:\Users\Acer\AppData\Roaming\Python\Python311\site-packages\fastapi\routing.py", line 299, in app
    raise e
  File "C:\Users\Acer\AppData\Roaming\Python\Python311\site-packages\fastapi\routing.py", line 294, in app
    raw_response = await run_endpoint_function(
                   ^^^^^^^^^^^^^^^^^^^^^^^^^^^^
  File "C:\Users\Acer\AppData\Roaming\Python\Python311\site-packages\fastapi\routing.py", line 193, in run_endpoint_function
    return await run_in_threadpool(dependant.call, **values)
           ^^^^^^^^^^^^^^^^^^^^^^^^^^^^^^^^^^^^^^^^^^^^^^^^^
  File "C:\Users\Acer\AppData\Roaming\Python\Python311\site-packages\starlette\concurrency.py", line 40, in run_in_threadpool
    return await anyio.to_thread.run_sync(func, *args)
           ^^^^^^^^^^^^^^^^^^^^^^^^^^^^^^^^^^^^^^^^^^^
  File "C:\Users\Acer\AppData\Roaming\Python\Python311\site-packages\anyio\to_thread.py", line 63, in run_sync
    return await get_async_backend().run_sync_in_worker_thread(
           ^^^^^^^^^^^^^^^^^^^^^^^^^^^^^^^^^^^^^^^^^^^^^^^^^^^^
  File "C:\Users\Acer\AppData\Roaming\Python\Python311\site-packages\anyio\_backends\_asyncio.py", line 2502, in run_sync_in_worker_thread
    return await future
           ^^^^^^^^^^^^
  File "C:\Users\Acer\AppData\Roaming\Python\Python311\site-packages\anyio\_backends\_asyncio.py", line 986, in run
    result = context.run(func, *args)
             ^^^^^^^^^^^^^^^^^^^^^^^^
  File "D:\hoc tap\ClothesProject\app\api\auth.py", line 38, in register_user
    hashed_password=security.get_password_hash(user_in.password),
                    ^^^^^^^^^^^^^^^^^^^^^^^^^^^^^^^^^^^^^^^^^^^^
  File "D:\hoc tap\ClothesProject\app\core\security.py", line 16, in get_password_hash
    return pwd_context.hash(password)
           ^^^^^^^^^^^^^^^^^^^^^^^^^^
  File "C:\Users\Acer\AppData\Roaming\Python\Python311\site-packages\passlib\context.py", line 2258, in hash
    return record.hash(secret, **kwds)
           ^^^^^^^^^^^^^^^^^^^^^^^^^^^
  File "C:\Users\Acer\AppData\Roaming\Python\Python311\site-packages\passlib\utils\handlers.py", line 779, in hash
    self.checksum = self._calc_checksum(secret)
                    ^^^^^^^^^^^^^^^^^^^^^^^^^^^
  File "C:\Users\Acer\AppData\Roaming\Python\Python311\site-packages\passlib\handlers\bcrypt.py", line 591, in _calc_checksum
    self._stub_requires_backend()
  File "C:\Users\Acer\AppData\Roaming\Python\Python311\site-packages\passlib\utils\handlers.py", line 2254, in _stub_requires_backend
    cls.set_backend()
  File "C:\Users\Acer\AppData\Roaming\Python\Python311\site-packages\passlib\utils\handlers.py", line 2156, in set_backend
    return owner.set_backend(name, dryrun=dryrun)
           ^^^^^^^^^^^^^^^^^^^^^^^^^^^^^^^^^^^^^^
  File "C:\Users\Acer\AppData\Roaming\Python\Python311\site-packages\passlib\utils\handlers.py", line 2163, in set_backend
    return cls.set_backend(name, dryrun=dryrun)
           ^^^^^^^^^^^^^^^^^^^^^^^^^^^^^^^^^^^^
  File "C:\Users\Acer\AppData\Roaming\Python\Python311\site-packages\passlib\utils\handlers.py", line 2188, in set_backend
    cls._set_backend(name, dryrun)
  File "C:\Users\Acer\AppData\Roaming\Python\Python311\site-packages\passlib\utils\handlers.py", line 2311, in _set_backend
    super(SubclassBackendMixin, cls)._set_backend(name, dryrun)
  File "C:\Users\Acer\AppData\Roaming\Python\Python311\site-packages\passlib\utils\handlers.py", line 2224, in _set_backend
    ok = loader(**kwds)
         ^^^^^^^^^^^^^^
  File "C:\Users\Acer\AppData\Roaming\Python\Python311\site-packages\passlib\handlers\bcrypt.py", line 626, in _load_backend_mixin
    return mixin_cls._finalize_backend_mixin(name, dryrun)
           ^^^^^^^^^^^^^^^^^^^^^^^^^^^^^^^^^^^^^^^^^^^^^^^
  File "C:\Users\Acer\AppData\Roaming\Python\Python311\site-packages\passlib\handlers\bcrypt.py", line 421, in _finalize_backend_mixin
    if detect_wrap_bug(IDENT_2A):
       ^^^^^^^^^^^^^^^^^^^^^^^^^
  File "C:\Users\Acer\AppData\Roaming\Python\Python311\site-packages\passlib\handlers\bcrypt.py", line 380, in detect_wrap_bug
    if verify(secret, bug_hash):
       ^^^^^^^^^^^^^^^^^^^^^^^^
  File "C:\Users\Acer\AppData\Roaming\Python\Python311\site-packages\passlib\utils\handlers.py", line 792, in verify
    return consteq(self._calc_checksum(secret), chk)
                   ^^^^^^^^^^^^^^^^^^^^^^^^^^^
  File "C:\Users\Acer\AppData\Roaming\Python\Python311\site-packages\passlib\handlers\bcrypt.py", line 655, in _calc_checksum
    hash = _bcrypt.hashpw(secret, config)
           ^^^^^^^^^^^^^^^^^^^^^^^^^^^^^^
ValueError: password cannot be longer than 72 bytes, truncate manually if necessary (e.g. my_password[:72])
------------------------------ Captured log call ------------------------------
WARNING  passlib.handlers.bcrypt:bcrypt.py:622 (trapped) error reading bcrypt version
Traceback (most recent call last):
  File "C:\Users\Acer\AppData\Roaming\Python\Python311\site-packages\passlib\handlers\bcrypt.py", line 620, in _load_backend_mixin
    version = _bcrypt.__about__.__version__
              ^^^^^^^^^^^^^^^^^
AttributeError: module 'bcrypt' has no attribute '__about__'
_____________________________ test_token_refresh ______________________________
  + Exception Group Traceback (most recent call last):
  |   File "C:\Users\Acer\AppData\Roaming\Python\Python311\site-packages\starlette\_utils.py", line 85, in collapse_excgroups
  |     yield
  |   File "C:\Users\Acer\AppData\Roaming\Python\Python311\site-packages\starlette\middleware\base.py", line 190, in __call__
  |     async with anyio.create_task_group() as task_group:
  |   File "C:\Users\Acer\AppData\Roaming\Python\Python311\site-packages\anyio\_backends\_asyncio.py", line 783, in __aexit__
  |     raise BaseExceptionGroup(
  | ExceptionGroup: unhandled errors in a TaskGroup (1 sub-exception)
  +-+---------------- 1 ----------------
    | Traceback (most recent call last):
    |   File "C:\Users\Acer\AppData\Roaming\Python\Python311\site-packages\_pytest\runner.py", line 345, in from_call
    |     result: Optional[TResult] = func()
    |                                 ^^^^^^
    |   File "C:\Users\Acer\AppData\Roaming\Python\Python311\site-packages\_pytest\runner.py", line 266, in <lambda>
    |     lambda: ihook(item=item, **kwds), when=when, reraise=reraise
    |             ^^^^^^^^^^^^^^^^^^^^^^^^
    |   File "C:\Users\Acer\AppData\Roaming\Python\Python311\site-packages\pluggy\_hooks.py", line 512, in __call__
    |     return self._hookexec(self.name, self._hookimpls.copy(), kwargs, firstresult)
    |            ^^^^^^^^^^^^^^^^^^^^^^^^^^^^^^^^^^^^^^^^^^^^^^^^^^^^^^^^^^^^^^^^^^^^^^
    |   File "C:\Users\Acer\AppData\Roaming\Python\Python311\site-packages\pluggy\_manager.py", line 120, in _hookexec
    |     return self._inner_hookexec(hook_name, methods, kwargs, firstresult)
    |            ^^^^^^^^^^^^^^^^^^^^^^^^^^^^^^^^^^^^^^^^^^^^^^^^^^^^^^^^^^^^^
    |   File "C:\Users\Acer\AppData\Roaming\Python\Python311\site-packages\pluggy\_callers.py", line 167, in _multicall
    |     raise exception
    |   File "C:\Users\Acer\AppData\Roaming\Python\Python311\site-packages\pluggy\_callers.py", line 139, in _multicall
    |     teardown.throw(exception)
    |   File "C:\Users\Acer\AppData\Roaming\Python\Python311\site-packages\_pytest\threadexception.py", line 87, in pytest_runtest_call
    |     yield from thread_exception_runtest_hook()
    |   File "C:\Users\Acer\AppData\Roaming\Python\Python311\site-packages\_pytest\threadexception.py", line 63, in thread_exception_runtest_hook
    |     yield
    |   File "C:\Users\Acer\AppData\Roaming\Python\Python311\site-packages\pluggy\_callers.py", line 139, in _multicall
    |     teardown.throw(exception)
    |   File "C:\Users\Acer\AppData\Roaming\Python\Python311\site-packages\_pytest\unraisableexception.py", line 90, in pytest_runtest_call
    |     yield from unraisable_exception_runtest_hook()
    |   File "C:\Users\Acer\AppData\Roaming\Python\Python311\site-packages\_pytest\unraisableexception.py", line 65, in unraisable_exception_runtest_hook
    |     yield
    |   File "C:\Users\Acer\AppData\Roaming\Python\Python311\site-packages\pluggy\_callers.py", line 139, in _multicall
    |     teardown.throw(exception)
    |   File "C:\Users\Acer\AppData\Roaming\Python\Python311\site-packages\_pytest\logging.py", line 839, in pytest_runtest_call
    |     yield from self._runtest_for(item, "call")
    |   File "C:\Users\Acer\AppData\Roaming\Python\Python311\site-packages\_pytest\logging.py", line 822, in _runtest_for
    |     yield
    |   File "C:\Users\Acer\AppData\Roaming\Python\Python311\site-packages\pluggy\_callers.py", line 139, in _multicall
    |     teardown.throw(exception)
    |   File "C:\Users\Acer\AppData\Roaming\Python\Python311\site-packages\_pytest\capture.py", line 882, in pytest_runtest_call
    |     return (yield)
    |             ^^^^^
    |   File "C:\Users\Acer\AppData\Roaming\Python\Python311\site-packages\pluggy\_callers.py", line 139, in _multicall
    |     teardown.throw(exception)
    |   File "C:\Users\Acer\AppData\Roaming\Python\Python311\site-packages\_pytest\skipping.py", line 257, in pytest_runtest_call
    |     return (yield)
    |             ^^^^^
    |   File "C:\Users\Acer\AppData\Roaming\Python\Python311\site-packages\pluggy\_callers.py", line 121, in _multicall
    |     res = hook_impl.function(*args)
    |           ^^^^^^^^^^^^^^^^^^^^^^^^^
    |   File "C:\Users\Acer\AppData\Roaming\Python\Python311\site-packages\_pytest\runner.py", line 181, in pytest_runtest_call
    |     raise e
[...]
C:\Users\Acer\AppData\Roaming\Python\Python311\site-packages\starlette\middleware\base.py:151: in coro
    await self.app(scope, receive_or_disconnect, send_no_error)
C:\Users\Acer\AppData\Roaming\Python\Python311\site-packages\starlette\middleware\exceptions.py:62: in __call__
    await wrap_app_handling_exceptions(self.app, conn)(scope, receive, send)
C:\Users\Acer\AppData\Roaming\Python\Python311\site-packages\starlette\_exception_handler.py:64: in wrapped_app
    raise exc
C:\Users\Acer\AppData\Roaming\Python\Python311\site-packages\starlette\_exception_handler.py:53: in wrapped_app
    await app(scope, receive, sender)
C:\Users\Acer\AppData\Roaming\Python\Python311\site-packages\starlette\routing.py:762: in __call__
    await self.middleware_stack(scope, receive, send)
C:\Users\Acer\AppData\Roaming\Python\Python311\site-packages\starlette\routing.py:782: in app
    await route.handle(scope, receive, send)
C:\Users\Acer\AppData\Roaming\Python\Python311\site-packages\starlette\routing.py:297: in handle
    await self.app(scope, receive, send)
C:\Users\Acer\AppData\Roaming\Python\Python311\site-packages\starlette\routing.py:77: in app
    await wrap_app_handling_exceptions(app, request)(scope, receive, send)
C:\Users\Acer\AppData\Roaming\Python\Python311\site-packages\starlette\_exception_handler.py:64: in wrapped_app
    raise exc
C:\Users\Acer\AppData\Roaming\Python\Python311\site-packages\starlette\_exception_handler.py:53: in wrapped_app
    await app(scope, receive, sender)
C:\Users\Acer\AppData\Roaming\Python\Python311\site-packages\starlette\routing.py:72: in app
    response = await func(request)
C:\Users\Acer\AppData\Roaming\Python\Python311\site-packages\fastapi\routing.py:299: in app
    raise e
C:\Users\Acer\AppData\Roaming\Python\Python311\site-packages\fastapi\routing.py:294: in app
    raw_response = await run_endpoint_function(
C:\Users\Acer\AppData\Roaming\Python\Python311\site-packages\fastapi\routing.py:193: in run_endpoint_function
    return await run_in_threadpool(dependant.call, **values)
C:\Users\Acer\AppData\Roaming\Python\Python311\site-packages\starlette\concurrency.py:40: in run_in_threadpool
    return await anyio.to_thread.run_sync(func, *args)
C:\Users\Acer\AppData\Roaming\Python\Python311\site-packages\anyio\to_thread.py:63: in run_sync
    return await get_async_backend().run_sync_in_worker_thread(
C:\Users\Acer\AppData\Roaming\Python\Python311\site-packages\anyio\_backends\_asyncio.py:2502: in run_sync_in_worker_thread
    return await future
C:\Users\Acer\AppData\Roaming\Python\Python311\site-packages\anyio\_backends\_asyncio.py:986: in run
    result = context.run(func, *args)
app\api\auth.py:38: in register_user
    hashed_password=security.get_password_hash(user_in.password),
app\core\security.py:16: in get_password_hash
    return pwd_context.hash(password)
C:\Users\Acer\AppData\Roaming\Python\Python311\site-packages\passlib\context.py:2258: in hash
    return record.hash(secret, **kwds)
C:\Users\Acer\AppData\Roaming\Python\Python311\site-packages\passlib\utils\handlers.py:779: in hash
    self.checksum = self._calc_checksum(secret)
C:\Users\Acer\AppData\Roaming\Python\Python311\site-packages\passlib\handlers\bcrypt.py:591: in _calc_checksum
    self._stub_requires_backend()
C:\Users\Acer\AppData\Roaming\Python\Python311\site-packages\passlib\utils\handlers.py:2254: in _stub_requires_backend
    cls.set_backend()
C:\Users\Acer\AppData\Roaming\Python\Python311\site-packages\passlib\utils\handlers.py:2156: in set_backend
    return owner.set_backend(name, dryrun=dryrun)
C:\Users\Acer\AppData\Roaming\Python\Python311\site-packages\passlib\utils\handlers.py:2163: in set_backend
    return cls.set_backend(name, dryrun=dryrun)
C:\Users\Acer\AppData\Roaming\Python\Python311\site-packages\passlib\utils\handlers.py:2188: in set_backend
    cls._set_backend(name, dryrun)
C:\Users\Acer\AppData\Roaming\Python\Python311\site-packages\passlib\utils\handlers.py:2311: in _set_backend
    super(SubclassBackendMixin, cls)._set_backend(name, dryrun)
C:\Users\Acer\AppData\Roaming\Python\Python311\site-packages\passlib\utils\handlers.py:2224: in _set_backend
    ok = loader(**kwds)
C:\Users\Acer\AppData\Roaming\Python\Python311\site-packages\passlib\handlers\bcrypt.py:626: in _load_backend_mixin
    return mixin_cls._finalize_backend_mixin(name, dryrun)
C:\Users\Acer\AppData\Roaming\Python\Python311\site-packages\passlib\handlers\bcrypt.py:421: in _finalize_backend_mixin
    if detect_wrap_bug(IDENT_2A):
C:\Users\Acer\AppData\Roaming\Python\Python311\site-packages\passlib\handlers\bcrypt.py:380: in detect_wrap_bug
    if verify(secret, bug_hash):
C:\Users\Acer\AppData\Roaming\Python\Python311\site-packages\passlib\utils\handlers.py:792: in verify
    return consteq(self._calc_checksum(secret), chk)
_ _ _ _ _ _ _ _ _ _ _ _ _ _ _ _ _ _ _ _ _ _ _ _ _ _ _ _ _ _ _ _ _ _ _ _ _ _ _ _

self = <passlib.handlers.bcrypt._BcryptBackend object at 0x00000254E22211D0>
secret = b'01234567890123456789012345678901234567890123456789012345678901234567890123456789012345678901234567890123456789012345...7890123456789012345678901234567890123456789012345678901234567890123456789012345678901234567890123456789012345678901234'

    def _calc_checksum(self, secret):
        # bcrypt behavior:
        #   secret must be bytes
        #   config must be ascii bytes
        #   returns ascii bytes
        secret, ident = self._prepare_digest_args(secret)
        config = self._get_config(ident)
        if isinstance(config, unicode):
            config = config.encode("ascii")
>       hash = _bcrypt.hashpw(secret, config)
E       ValueError: password cannot be longer than 72 bytes, truncate manually if necessary (e.g. my_password[:72])

C:\Users\Acer\AppData\Roaming\Python\Python311\site-packages\passlib\handlers\bcrypt.py:655: ValueError
---------------------------- Captured stdout setup ----------------------------
2026-03-04 09:25:44 | WARNING  | app | [REQ:-] [TASK:-] [USER:-] | FastAPI Limiter not available due to dependency issues
---------------------------- Captured stdout call -----------------------------
2026-03-04 09:25:44 | INFO     | app | [REQ:3b304344-0be3-4ea2-a41c-43d4eed545d8] [TASK:-] [USER:-] | Started POST /auth/register
2026-03-04 09:25:44 | WARNING  | passlib.handlers.bcrypt | [REQ:3b304344-0be3-4ea2-a41c-43d4eed545d8] [TASK:-] [USER:-] | (trapped) error reading bcrypt version
Traceback (most recent call last):
  File "C:\Users\Acer\AppData\Roaming\Python\Python311\site-packages\passlib\handlers\bcrypt.py", line 620, in _load_backend_mixin
    version = _bcrypt.__about__.__version__
              ^^^^^^^^^^^^^^^^^
AttributeError: module 'bcrypt' has no attribute '__about__'
2026-03-04 09:25:44 | ERROR    | app | [REQ:3b304344-0be3-4ea2-a41c-43d4eed545d8] [TASK:-] [USER:-] | Failed POST /auth/register - Error: password cannot be longer than 72 bytes, truncate manually if necessary (e.g. my_password[:72]) - Duration: 10.62ms
Traceback (most recent call last):
  File "C:\Users\Acer\AppData\Roaming\Python\Python311\site-packages\starlette\middleware\base.py", line 159, in call_next
    message = await recv_stream.receive()
              ^^^^^^^^^^^^^^^^^^^^^^^^^^^
  File "C:\Users\Acer\AppData\Roaming\Python\Python311\site-packages\anyio\streams\memory.py", line 132, in receive
    raise EndOfStream from None
anyio.EndOfStream

During handling of the above exception, another exception occurred:

Traceback (most recent call last):
  File "D:\hoc tap\ClothesProject\app\middleware\logging_middleware.py", line 26, in dispatch
    response = await call_next(request)
               ^^^^^^^^^^^^^^^^^^^^^^^^
  File "C:\Users\Acer\AppData\Roaming\Python\Python311\site-packages\starlette\middleware\base.py", line 165, in call_next
    raise app_exc
  File "C:\Users\Acer\AppData\Roaming\Python\Python311\site-packages\starlette\middleware\base.py", line 151, in coro
    await self.app(scope, receive_or_disconnect, send_no_error)
  File "C:\Users\Acer\AppData\Roaming\Python\Python311\site-packages\starlette\middleware\exceptions.py", line 62, in __call__
    await wrap_app_handling_exceptions(self.app, conn)(scope, receive, send)
  File "C:\Users\Acer\AppData\Roaming\Python\Python311\site-packages\starlette\_exception_handler.py", line 64, in wrapped_app
    raise exc
  File "C:\Users\Acer\AppData\Roaming\Python\Python311\site-packages\starlette\_exception_handler.py", line 53, in wrapped_app
    await app(scope, receive, sender)
  File "C:\Users\Acer\AppData\Roaming\Python\Python311\site-packages\starlette\routing.py", line 762, in __call__
    await self.middleware_stack(scope, receive, send)
  File "C:\Users\Acer\AppData\Roaming\Python\Python311\site-packages\starlette\routing.py", line 782, in app
    await route.handle(scope, receive, send)
  File "C:\Users\Acer\AppData\Roaming\Python\Python311\site-packages\starlette\routing.py", line 297, in handle
    await self.app(scope, receive, send)
  File "C:\Users\Acer\AppData\Roaming\Python\Python311\site-packages\starlette\routing.py", line 77, in app
    await wrap_app_handling_exceptions(app, request)(scope, receive, send)
  File "C:\Users\Acer\AppData\Roaming\Python\Python311\site-packages\starlette\_exception_handler.py", line 64, in wrapped_app
    raise exc
  File "C:\Users\Acer\AppData\Roaming\Python\Python311\site-packages\starlette\_exception_handler.py", line 53, in wrapped_app
    await app(scope, receive, sender)
  File "C:\Users\Acer\AppData\Roaming\Python\Python311\site-packages\starlette\routing.py", line 72, in app
    response = await func(request)
               ^^^^^^^^^^^^^^^^^^^
  File "C:\Users\Acer\AppData\Roaming\Python\Python311\site-packages\fastapi\routing.py", line 299, in app
    raise e
  File "C:\Users\Acer\AppData\Roaming\Python\Python311\site-packages\fastapi\routing.py", line 294, in app
    raw_response = await run_endpoint_function(
                   ^^^^^^^^^^^^^^^^^^^^^^^^^^^^
  File "C:\Users\Acer\AppData\Roaming\Python\Python311\site-packages\fastapi\routing.py", line 193, in run_endpoint_function
    return await run_in_threadpool(dependant.call, **values)
           ^^^^^^^^^^^^^^^^^^^^^^^^^^^^^^^^^^^^^^^^^^^^^^^^^
  File "C:\Users\Acer\AppData\Roaming\Python\Python311\site-packages\starlette\concurrency.py", line 40, in run_in_threadpool
    return await anyio.to_thread.run_sync(func, *args)
           ^^^^^^^^^^^^^^^^^^^^^^^^^^^^^^^^^^^^^^^^^^^
  File "C:\Users\Acer\AppData\Roaming\Python\Python311\site-packages\anyio\to_thread.py", line 63, in run_sync
    return await get_async_backend().run_sync_in_worker_thread(
           ^^^^^^^^^^^^^^^^^^^^^^^^^^^^^^^^^^^^^^^^^^^^^^^^^^^^
  File "C:\Users\Acer\AppData\Roaming\Python\Python311\site-packages\anyio\_backends\_asyncio.py", line 2502, in run_sync_in_worker_thread
    return await future
           ^^^^^^^^^^^^
  File "C:\Users\Acer\AppData\Roaming\Python\Python311\site-packages\anyio\_backends\_asyncio.py", line 986, in run
    result = context.run(func, *args)
             ^^^^^^^^^^^^^^^^^^^^^^^^
  File "D:\hoc tap\ClothesProject\app\api\auth.py", line 38, in register_user
    hashed_password=security.get_password_hash(user_in.password),
                    ^^^^^^^^^^^^^^^^^^^^^^^^^^^^^^^^^^^^^^^^^^^^
  File "D:\hoc tap\ClothesProject\app\core\security.py", line 16, in get_password_hash
    return pwd_context.hash(password)
           ^^^^^^^^^^^^^^^^^^^^^^^^^^
  File "C:\Users\Acer\AppData\Roaming\Python\Python311\site-packages\passlib\context.py", line 2258, in hash
    return record.hash(secret, **kwds)
           ^^^^^^^^^^^^^^^^^^^^^^^^^^^
  File "C:\Users\Acer\AppData\Roaming\Python\Python311\site-packages\passlib\utils\handlers.py", line 779, in hash
    self.checksum = self._calc_checksum(secret)
                    ^^^^^^^^^^^^^^^^^^^^^^^^^^^
  File "C:\Users\Acer\AppData\Roaming\Python\Python311\site-packages\passlib\handlers\bcrypt.py", line 591, in _calc_checksum
    self._stub_requires_backend()
  File "C:\Users\Acer\AppData\Roaming\Python\Python311\site-packages\passlib\utils\handlers.py", line 2254, in _stub_requires_backend
    cls.set_backend()
  File "C:\Users\Acer\AppData\Roaming\Python\Python311\site-packages\passlib\utils\handlers.py", line 2156, in set_backend
    return owner.set_backend(name, dryrun=dryrun)
           ^^^^^^^^^^^^^^^^^^^^^^^^^^^^^^^^^^^^^^
  File "C:\Users\Acer\AppData\Roaming\Python\Python311\site-packages\passlib\utils\handlers.py", line 2163, in set_backend
    return cls.set_backend(name, dryrun=dryrun)
           ^^^^^^^^^^^^^^^^^^^^^^^^^^^^^^^^^^^^
  File "C:\Users\Acer\AppData\Roaming\Python\Python311\site-packages\passlib\utils\handlers.py", line 2188, in set_backend
    cls._set_backend(name, dryrun)
  File "C:\Users\Acer\AppData\Roaming\Python\Python311\site-packages\passlib\utils\handlers.py", line 2311, in _set_backend
    super(SubclassBackendMixin, cls)._set_backend(name, dryrun)
  File "C:\Users\Acer\AppData\Roaming\Python\Python311\site-packages\passlib\utils\handlers.py", line 2224, in _set_backend
    ok = loader(**kwds)
         ^^^^^^^^^^^^^^
  File "C:\Users\Acer\AppData\Roaming\Python\Python311\site-packages\passlib\handlers\bcrypt.py", line 626, in _load_backend_mixin
    return mixin_cls._finalize_backend_mixin(name, dryrun)
           ^^^^^^^^^^^^^^^^^^^^^^^^^^^^^^^^^^^^^^^^^^^^^^^
  File "C:\Users\Acer\AppData\Roaming\Python\Python311\site-packages\passlib\handlers\bcrypt.py", line 421, in _finalize_backend_mixin
    if detect_wrap_bug(IDENT_2A):
       ^^^^^^^^^^^^^^^^^^^^^^^^^
  File "C:\Users\Acer\AppData\Roaming\Python\Python311\site-packages\passlib\handlers\bcrypt.py", line 380, in detect_wrap_bug
    if verify(secret, bug_hash):
       ^^^^^^^^^^^^^^^^^^^^^^^^
  File "C:\Users\Acer\AppData\Roaming\Python\Python311\site-packages\passlib\utils\handlers.py", line 792, in verify
    return consteq(self._calc_checksum(secret), chk)
                   ^^^^^^^^^^^^^^^^^^^^^^^^^^^
  File "C:\Users\Acer\AppData\Roaming\Python\Python311\site-packages\passlib\handlers\bcrypt.py", line 655, in _calc_checksum
    hash = _bcrypt.hashpw(secret, config)
           ^^^^^^^^^^^^^^^^^^^^^^^^^^^^^^
ValueError: password cannot be longer than 72 bytes, truncate manually if necessary (e.g. my_password[:72])
------------------------------ Captured log call ------------------------------
WARNING  passlib.handlers.bcrypt:bcrypt.py:622 (trapped) error reading bcrypt version
Traceback (most recent call last):
  File "C:\Users\Acer\AppData\Roaming\Python\Python311\site-packages\passlib\handlers\bcrypt.py", line 620, in _load_backend_mixin
    version = _bcrypt.__about__.__version__
              ^^^^^^^^^^^^^^^^^
AttributeError: module 'bcrypt' has no attribute '__about__'
_________________________ test_deterministic_scoring __________________________

engine = <app.services.recommendation_engine.RecommendationEngine object at 0x00000254E279E450>

    def test_deterministic_scoring(engine):
        """Test that the same input yields the same score and explanation."""
        item = models.ClothingItem(
            id=1,
            category=FashionCategory.TOP,
            category_label="T-shirt",
            main_color_hex="#FFFFFF"
        )
    
        # Simulating weather & context
        weather = {"main": "Clear", "temp": 25}
        occasion = "casual"
    
>       score1, reason1 = engine._evaluate_outfit([item], weather, occasion)
E       ValueError: too many values to unpack (expected 2)

tests\test_recommendation.py:23: ValueError
_________________________ test_low_confidence_penalty _________________________

engine = <app.services.recommendation_engine.RecommendationEngine object at 0x00000254E239F690>

    def test_low_confidence_penalty(engine):
        """Test that items with low confidence receive a penalty score."""
        # We'll mock the internal scoring constants or just check the delta
        item_confirmed = models.ClothingItem(category=FashionCategory.TOP, classification_status="CONFIRMED")
        item_low = models.ClothingItem(category=FashionCategory.TOP, classification_status="LOW_CONFIDENCE")
    
        weather = {"main": "Clear", "temp": 25}
    
>       score_confirmed, _ = engine._evaluate_outfit([item_confirmed], weather, "casual")
E       ValueError: too many values to unpack (expected 2)

tests\test_recommendation.py:38: ValueError
_______________________ test_celery_task_mock_execution _______________________

mocker = <pytest_mock.plugin.MockerFixture object at 0x00000254E239D9D0>
db = <sqlalchemy.orm.session.Session object at 0x00000254E2219B10>

    def test_celery_task_mock_execution(mocker, db):
        """Test that the Celery task correctly updates the database when mocked."""
        # 1. Create a pending item
        item = models.ClothingItem(
            user_id=1,
            original_image_path="test.jpg",
            status="pending"
        )
        db.add(item)
        db.commit()
    
        # 2. Mock the AI service to return a specific result
        mock_ai = mocker.patch("app.services.tasks.analyze_image", return_value={
            "processed_image_path": "proc.png",
            "color_hex": "#123456",
            "category_raw": "T-shirt",
            "confidence": 0.95,
            "raw_output": {}
        })
    
        # 3. Mock the taxonomy mapping
>       mocker.patch("app.services.tasks.map_imagenet_to_category", return_value=FashionCategory.TOP)

tests\test_tasks.py:27: 
_ _ _ _ _ _ _ _ _ _ _ _ _ _ _ _ _ _ _ _ _ _ _ _ _ _ _ _ _ _ _ _ _ _ _ _ _ _ _ _
C:\Users\Acer\AppData\Roaming\Python\Python311\site-packages\pytest_mock\plugin.py:419: in __call__
    return self._start_patch(
C:\Users\Acer\AppData\Roaming\Python\Python311\site-packages\pytest_mock\plugin.py:229: in _start_patch
    mocked: MockType = p.start()
C:\Program Files\Python311\Lib\unittest\mock.py:1591: in start
    result = self.__enter__()
C:\Program Files\Python311\Lib\unittest\mock.py:1443: in __enter__
    original, local = self.get_original()
_ _ _ _ _ _ _ _ _ _ _ _ _ _ _ _ _ _ _ _ _ _ _ _ _ _ _ _ _ _ _ _ _ _ _ _ _ _ _ _

self = <unittest.mock._patch object at 0x00000254E2219F50>

    def get_original(self):
        target = self.getter()
        name = self.attribute
    
        original = DEFAULT
        local = False
    
        try:
            original = target.__dict__[name]
        except (AttributeError, KeyError):
            original = getattr(target, name, DEFAULT)
        else:
            local = True
    
        if name in _builtins and isinstance(target, ModuleType):
            self.create = True
    
        if not self.create and original is DEFAULT:
>           raise AttributeError(
                "%s does not have the attribute %r" % (target, name)
            )
E           AttributeError: <module 'app.services.tasks' from 'D:\\hoc tap\\ClothesProject\\app\\services\\tasks.py'> does not have the attribute 'map_imagenet_to_category'

C:\Program Files\Python311\Lib\unittest\mock.py:1416: AttributeError
=========================== short test summary info ===========================
FAILED tests/test_auth.py::test_register_and_login - ValueError: password can...
FAILED tests/test_auth.py::test_protected_endpoint_access - ValueError: passw...
FAILED tests/test_auth.py::test_token_refresh - ValueError: password cannot b...
FAILED tests/test_auth.py::test_logout_revocation - ValueError: password cann...
FAILED tests/test_rbac.py::test_user_cannot_access_admin_endpoints - ValueErr...
FAILED tests/test_rbac.py::test_admin_can_access_admin_endpoints - ValueError...
FAILED tests/test_rbac.py::test_user_isolation - ValueError: password cannot ...
FAILED tests/test_recommendation.py::test_deterministic_scoring - ValueError:...
FAILED tests/test_recommendation.py::test_low_confidence_penalty - ValueError...
FAILED tests/test_tasks.py::test_celery_task_mock_execution - AttributeError:...
======================== 10 failed, 2 passed in 3.16s =========================
