============================= test session starts =============================
platform win32 -- Python 3.11.8, pytest-8.0.0, pluggy-1.6.0 -- C:\Program Files\Python311\python.exe
cachedir: .pytest_cache
rootdir: D:\hoc tap\ClothesProject
configfile: pytest.ini
testpaths: tests
plugins: anyio-4.12.1, asyncio-0.23.5, mock-3.12.0
asyncio: mode=Mode.AUTO
collecting ... collected 10 items / 1 error

=================================== ERRORS ====================================
___________________ ERROR collecting tests/test_ai_logic.py ___________________
ImportError while importing test module 'D:\hoc tap\ClothesProject\tests\test_ai_logic.py'.
Hint: make sure your test modules/packages have valid Python names.
Traceback:
C:\Program Files\Python311\Lib\importlib\__init__.py:126: in import_module
    return _bootstrap._gcd_import(name[level:], package, level)
tests\test_ai_logic.py:2: in <module>
    from app.domain.fashion_taxonomy import FashionCategory, ClassificationStatus, map_imagenet_to_category
E   ImportError: cannot import name 'map_imagenet_to_category' from 'app.domain.fashion_taxonomy' (D:\hoc tap\ClothesProject\app\domain\fashion_taxonomy.py)
------------------------------- Captured stdout -------------------------------
2026-03-04 09:24:19 | INFO     | app | [REQ:-] [TASK:-] [USER:-] | Logging initialized with structured formatting
=========================== short test summary info ===========================
ERROR tests/test_ai_logic.py
!!!!!!!!!!!!!!!!!!! Interrupted: 1 error during collection !!!!!!!!!!!!!!!!!!!!
============================== 1 error in 0.13s ===============================
